# JRE version: OpenJDK Runtime Environment (8.0_362-b09) (build 1.8.0_362-8u372-ga~us1-0ubuntu1~22.04-b09)
# Java VM: OpenJDK 64-Bit Server VM (25.362-b09 mixed mode linux-amd64 compressed oops)
Heap:
 PSYoungGen      total 723456K, used 613758K [0x000000076ab00000, 0x000000079f500000, 0x00000007c0000000)
  eden space 590848K, 91% used [0x000000076ab00000,0x000000078bad3f00,0x000000078ec00000)
  from space 132608K, 55% used [0x0000000797180000,0x000000079b90bbc8,0x000000079f300000)
  to   space 135680K, 0% used [0x000000078ec00000,0x000000078ec00000,0x0000000797080000)
 ParOldGen       total 721408K, used 373028K [0x00000006c0000000, 0x00000006ec080000, 0x000000076ab00000)
  object space 721408K, 51% used [0x00000006c0000000,0x00000006d6c491c0,0x00000006ec080000)
 Metaspace       used 92071K, capacity 98274K, committed 98560K, reserved 1136640K
  class space    used 10438K, capacity 11437K, committed 11520K, reserved 1048576K
GC Heap History (10 events):
Event: 8,401 GC heap before
{Heap before GC invocations=18 (full 3):
 PSYoungGen      total 432640K, used 432217K [0x000000076ab00000, 0x0000000786400000, 0x00000007c0000000)
  eden space 422912K, 100% used [0x000000076ab00000,0x0000000784800000,0x0000000784800000)
  from space 9728K, 95% used [0x0000000785a80000,0x00000007863966c0,0x0000000786400000)
  to   space 13312K, 0% used [0x0000000784a00000,0x0000000784a00000,0x0000000785700000)
 ParOldGen       total 197632K, used 59028K [0x00000006c0000000, 0x00000006cc100000, 0x000000076ab00000)
  object space 197632K, 29% used [0x00000006c0000000,0x00000006c39a50d0,0x00000006cc100000)
 Metaspace       used 68661K, capacity 72354K, committed 72448K, reserved 1112064K
  class space    used 8241K, capacity 8893K, committed 8960K, reserved 1048576K
Event: 8,423 GC heap after
Heap after GC invocations=18 (full 3):
 PSYoungGen      total 438272K, used 13310K [0x000000076ab00000, 0x000000078e680000, 0x00000007c0000000)
  eden space 424960K, 0% used [0x000000076ab00000,0x000000076ab00000,0x0000000784a00000)
  from space 13312K, 99% used [0x0000000784a00000,0x00000007856ffbb8,0x0000000785700000)
  to   space 28672K, 0% used [0x000000078ca80000,0x000000078ca80000,0x000000078e680000)
 ParOldGen       total 197632K, used 95715K [0x00000006c0000000, 0x00000006cc100000, 0x000000076ab00000)
  object space 197632K, 48% used [0x00000006c0000000,0x00000006c5d78fd0,0x00000006cc100000)
 Metaspace       used 68661K, capacity 72354K, committed 72448K, reserved 1112064K
  class space    used 8241K, capacity 8893K, committed 8960K, reserved 1048576K
}
Event: 9,208 GC heap before
{Heap before GC invocations=19 (full 3):
 PSYoungGen      total 438272K, used 438270K [0x000000076ab00000, 0x000000078e680000, 0x00000007c0000000)
  eden space 424960K, 100% used [0x000000076ab00000,0x0000000784a00000,0x0000000784a00000)
  from space 13312K, 99% used [0x0000000784a00000,0x00000007856ffbb8,0x0000000785700000)
  to   space 28672K, 0% used [0x000000078ca80000,0x000000078ca80000,0x000000078e680000)
 ParOldGen       total 197632K, used 95715K [0x00000006c0000000, 0x00000006cc100000, 0x000000076ab00000)
  object space 197632K, 48% used [0x00000006c0000000,0x00000006c5d78fd0,0x00000006cc100000)
 Metaspace       used 71800K, capacity 75674K, committed 75904K, reserved 1116160K
  class space    used 8569K, capacity 9247K, committed 9344K, reserved 1048576K
Event: 9,218 GC heap after
Heap after GC invocations=19 (full 3):
 PSYoungGen      total 548352K, used 15968K [0x000000076ab00000, 0x000000078e280000, 0x00000007c0000000)
  eden space 523776K, 0% used [0x000000076ab00000,0x000000076ab00000,0x000000078aa80000)
  from space 24576K, 64% used [0x000000078ca80000,0x000000078da18078,0x000000078e280000)
  to   space 28672K, 0% used [0x000000078aa80000,0x000000078aa80000,0x000000078c680000)
 ParOldGen       total 197632K, used 99088K [0x00000006c0000000, 0x00000006cc100000, 0x000000076ab00000)
  object space 197632K, 50% used [0x00000006c0000000,0x00000006c60c4150,0x00000006cc100000)
 Metaspace       used 71800K, capacity 75674K, committed 75904K, reserved 1116160K
  class space    used 8569K, capacity 9247K, committed 9344K, reserved 1048576K
}
Event: 16,695 GC heap before
{Heap before GC invocations=20 (full 3):
 PSYoungGen      total 548352K, used 539744K [0x000000076ab00000, 0x000000078e280000, 0x00000007c0000000)
  eden space 523776K, 100% used [0x000000076ab00000,0x000000078aa80000,0x000000078aa80000)
  from space 24576K, 64% used [0x000000078ca80000,0x000000078da18078,0x000000078e280000)
  to   space 28672K, 0% used [0x000000078aa80000,0x000000078aa80000,0x000000078c680000)
 ParOldGen       total 197632K, used 99088K [0x00000006c0000000, 0x00000006cc100000, 0x000000076ab00000)
  object space 197632K, 50% used [0x00000006c0000000,0x00000006c60c4150,0x00000006cc100000)
 Metaspace       used 77876K, capacity 82486K, committed 82560K, reserved 1122304K
  class space    used 9260K, capacity 10041K, committed 10112K, reserved 1048576K
Event: 16,732 GC heap after
Heap after GC invocations=20 (full 3):
 PSYoungGen      total 552448K, used 28653K [0x000000076ab00000, 0x000000079f300000, 0x00000007c0000000)
  eden space 523776K, 0% used [0x000000076ab00000,0x000000076ab00000,0x000000078aa80000)
  from space 28672K, 99% used [0x000000078aa80000,0x000000078c67b790,0x000000078c680000)
  to   space 132608K, 0% used [0x0000000797180000,0x0000000797180000,0x000000079f300000)
 ParOldGen       total 368640K, used 368411K [0x00000006c0000000, 0x00000006d6800000, 0x000000076ab00000)
  object space 368640K, 99% used [0x00000006c0000000,0x00000006d67c6f58,0x00000006d6800000)
 Metaspace       used 77876K, capacity 82486K, committed 82560K, reserved 1122304K
  class space    used 9260K, capacity 10041K, committed 10112K, reserved 1048576K
}
Event: 16,732 GC heap before
{Heap before GC invocations=21 (full 4):
 PSYoungGen      total 552448K, used 28653K [0x000000076ab00000, 0x000000079f300000, 0x00000007c0000000)
  eden space 523776K, 0% used [0x000000076ab00000,0x000000076ab00000,0x000000078aa80000)
  from space 28672K, 99% used [0x000000078aa80000,0x000000078c67b790,0x000000078c680000)
  to   space 132608K, 0% used [0x0000000797180000,0x0000000797180000,0x000000079f300000)
 ParOldGen       total 368640K, used 368411K [0x00000006c0000000, 0x00000006d6800000, 0x000000076ab00000)
  object space 368640K, 99% used [0x00000006c0000000,0x00000006d67c6f58,0x00000006d6800000)
 Metaspace       used 77876K, capacity 82486K, committed 82560K, reserved 1122304K
  class space    used 9260K, capacity 10041K, committed 10112K, reserved 1048576K
Event: 16,876 GC heap after
Heap after GC invocations=21 (full 4):
 PSYoungGen      total 552448K, used 18008K [0x000000076ab00000, 0x000000079f300000, 0x00000007c0000000)
  eden space 523776K, 0% used [0x000000076ab00000,0x000000076ab00000,0x000000078aa80000)
  from space 28672K, 62% used [0x000000078aa80000,0x000000078bc16178,0x000000078c680000)
  to   space 132608K, 0% used [0x0000000797180000,0x0000000797180000,0x000000079f300000)
 ParOldGen       total 721408K, used 368544K [0x00000006c0000000, 0x00000006ec080000, 0x000000076ab00000)
  object space 721408K, 51% used [0x00000006c0000000,0x00000006d67e8050,0x00000006ec080000)
 Metaspace       used 77800K, capacity 82268K, committed 82560K, reserved 1122304K
  class space    used 9234K, capacity 9996K, committed 10112K, reserved 1048576K
}
Event: 26,985 GC heap before
{Heap before GC invocations=22 (full 4):
 PSYoungGen      total 552448K, used 541784K [0x000000076ab00000, 0x000000079f300000, 0x00000007c0000000)
  eden space 523776K, 100% used [0x000000076ab00000,0x000000078aa80000,0x000000078aa80000)
  from space 28672K, 62% used [0x000000078aa80000,0x000000078bc16178,0x000000078c680000)
  to   space 132608K, 0% used [0x0000000797180000,0x0000000797180000,0x000000079f300000)
 ParOldGen       total 721408K, used 368544K [0x00000006c0000000, 0x00000006ec080000, 0x000000076ab00000)
  object space 721408K, 51% used [0x00000006c0000000,0x00000006d67e8050,0x00000006ec080000)
 Metaspace       used 90265K, capacity 95908K, committed 96000K, reserved 1134592K
  class space    used 10293K, capacity 11230K, committed 11264K, reserved 1048576K
Event: 27,008 GC heap after
Heap after GC invocations=22 (full 4):
 PSYoungGen      total 723456K, used 73262K [0x000000076ab00000, 0x000000079f500000, 0x00000007c0000000)
  eden space 590848K, 0% used [0x000000076ab00000,0x000000076ab00000,0x000000078ec00000)
  from space 132608K, 55% used [0x0000000797180000,0x000000079b90bbc8,0x000000079f300000)
  to   space 135680K, 0% used [0x000000078ec00000,0x000000078ec00000,0x0000000797080000)
 ParOldGen       total 721408K, used 373028K [0x00000006c0000000, 0x00000006ec080000, 0x000000076ab00000)
  object space 721408K, 51% used [0x00000006c0000000,0x00000006d6c491c0,0x00000006ec080000)
 Metaspace       used 90265K, capacity 95908K, committed 96000K, reserved 1134592K
  class space    used 10293K, capacity 11230K, committed 11264K, reserved 1048576K
}

