# JRE version: OpenJDK Runtime Environment (8.0_362-b09) (build 1.8.0_362-8u372-ga~us1-0ubuntu1~22.04-b09)
# Java VM: OpenJDK 64-Bit Server VM (25.362-b09 mixed mode linux-amd64 compressed oops)
Heap:
 PSYoungGen      total 236032K, used 31867K [0x000000076ab00000, 0x0000000797980000, 0x00000007c0000000)
  eden space 233472K, 12% used [0x000000076ab00000,0x000000076c80edd0,0x0000000778f00000)
  from space 2560K, 82% used [0x0000000797700000,0x0000000797910000,0x0000000797980000)
  to   space 3584K, 0% used [0x0000000797280000,0x0000000797280000,0x0000000797600000)
 ParOldGen       total 668672K, used 395192K [0x00000006c0000000, 0x00000006e8d00000, 0x000000076ab00000)
  object space 668672K, 59% used [0x00000006c0000000,0x00000006d81ee1b8,0x00000006e8d00000)
 Metaspace       used 84462K, capacity 89148K, committed 89472K, reserved 1128448K
  class space    used 9770K, capacity 10541K, committed 10624K, reserved 1048576K
GC Heap History (10 events):
Event: 194,999 GC heap before
{Heap before GC invocations=112 (full 4):
 PSYoungGen      total 206336K, used 206240K [0x000000076ab00000, 0x0000000798100000, 0x00000007c0000000)
  eden space 204288K, 100% used [0x000000076ab00000,0x0000000777280000,0x0000000777280000)
  from space 2048K, 95% used [0x0000000797a80000,0x0000000797c68000,0x0000000797c80000)
  to   space 4096K, 0% used [0x0000000797d00000,0x0000000797d00000,0x0000000798100000)
 ParOldGen       total 668672K, used 394920K [0x00000006c0000000, 0x00000006e8d00000, 0x000000076ab00000)
  object space 668672K, 59% used [0x00000006c0000000,0x00000006d81aa1b8,0x00000006e8d00000)
 Metaspace       used 84217K, capacity 88756K, committed 88832K, reserved 1128448K
  class space    used 9721K, capacity 10471K, committed 10496K, reserved 1048576K
Event: 195,002 GC heap after
Heap after GC invocations=112 (full 4):
 PSYoungGen      total 211968K, used 1952K [0x000000076ab00000, 0x0000000797f00000, 0x00000007c0000000)
  eden space 209920K, 0% used [0x000000076ab00000,0x000000076ab00000,0x0000000777800000)
  from space 2048K, 95% used [0x0000000797d00000,0x0000000797ee8000,0x0000000797f00000)
  to   space 3584K, 0% used [0x0000000797800000,0x0000000797800000,0x0000000797b80000)
 ParOldGen       total 668672K, used 395000K [0x00000006c0000000, 0x00000006e8d00000, 0x000000076ab00000)
  object space 668672K, 59% used [0x00000006c0000000,0x00000006d81be1b8,0x00000006e8d00000)
 Metaspace       used 84217K, capacity 88756K, committed 88832K, reserved 1128448K
  class space    used 9721K, capacity 10471K, committed 10496K, reserved 1048576K
}
Event: 195,668 GC heap before
{Heap before GC invocations=113 (full 4):
 PSYoungGen      total 211968K, used 211872K [0x000000076ab00000, 0x0000000797f00000, 0x00000007c0000000)
  eden space 209920K, 100% used [0x000000076ab00000,0x0000000777800000,0x0000000777800000)
  from space 2048K, 95% used [0x0000000797d00000,0x0000000797ee8000,0x0000000797f00000)
  to   space 3584K, 0% used [0x0000000797800000,0x0000000797800000,0x0000000797b80000)
 ParOldGen       total 668672K, used 395000K [0x00000006c0000000, 0x00000006e8d00000, 0x000000076ab00000)
  object space 668672K, 59% used [0x00000006c0000000,0x00000006d81be1b8,0x00000006e8d00000)
 Metaspace       used 84217K, capacity 88756K, committed 88832K, reserved 1128448K
  class space    used 9721K, capacity 10471K, committed 10496K, reserved 1048576K
Event: 195,672 GC heap after
Heap after GC invocations=113 (full 4):
 PSYoungGen      total 217600K, used 1888K [0x000000076ab00000, 0x0000000797d80000, 0x00000007c0000000)
  eden space 215552K, 0% used [0x000000076ab00000,0x000000076ab00000,0x0000000777d80000)
  from space 2048K, 92% used [0x0000000797800000,0x00000007979d8000,0x0000000797a00000)
  to   space 3584K, 0% used [0x0000000797a00000,0x0000000797a00000,0x0000000797d80000)
 ParOldGen       total 668672K, used 395064K [0x00000006c0000000, 0x00000006e8d00000, 0x000000076ab00000)
  object space 668672K, 59% used [0x00000006c0000000,0x00000006d81ce1b8,0x00000006e8d00000)
 Metaspace       used 84217K, capacity 88756K, committed 88832K, reserved 1128448K
  class space    used 9721K, capacity 10471K, committed 10496K, reserved 1048576K
}
Event: 196,329 GC heap before
{Heap before GC invocations=114 (full 4):
 PSYoungGen      total 217600K, used 217440K [0x000000076ab00000, 0x0000000797d80000, 0x00000007c0000000)
  eden space 215552K, 100% used [0x000000076ab00000,0x0000000777d80000,0x0000000777d80000)
  from space 2048K, 92% used [0x0000000797800000,0x00000007979d8000,0x0000000797a00000)
  to   space 3584K, 0% used [0x0000000797a00000,0x0000000797a00000,0x0000000797d80000)
 ParOldGen       total 668672K, used 395064K [0x00000006c0000000, 0x00000006e8d00000, 0x000000076ab00000)
  object space 668672K, 59% used [0x00000006c0000000,0x00000006d81ce1b8,0x00000006e8d00000)
 Metaspace       used 84219K, capacity 88756K, committed 88832K, reserved 1128448K
  class space    used 9721K, capacity 10471K, committed 10496K, reserved 1048576K
Event: 196,332 GC heap after
Heap after GC invocations=114 (full 4):
 PSYoungGen      total 223232K, used 1888K [0x000000076ab00000, 0x0000000797c00000, 0x00000007c0000000)
  eden space 221184K, 0% used [0x000000076ab00000,0x000000076ab00000,0x0000000778300000)
  from space 2048K, 92% used [0x0000000797a00000,0x0000000797bd8000,0x0000000797c00000)
  to   space 3584K, 0% used [0x0000000797500000,0x0000000797500000,0x0000000797880000)
 ParOldGen       total 668672K, used 395104K [0x00000006c0000000, 0x00000006e8d00000, 0x000000076ab00000)
  object space 668672K, 59% used [0x00000006c0000000,0x00000006d81d81b8,0x00000006e8d00000)
 Metaspace       used 84219K, capacity 88756K, committed 88832K, reserved 1128448K
  class space    used 9721K, capacity 10471K, committed 10496K, reserved 1048576K
}
Event: 197,021 GC heap before
{Heap before GC invocations=115 (full 4):
 PSYoungGen      total 223232K, used 223072K [0x000000076ab00000, 0x0000000797c00000, 0x00000007c0000000)
  eden space 221184K, 100% used [0x000000076ab00000,0x0000000778300000,0x0000000778300000)
  from space 2048K, 92% used [0x0000000797a00000,0x0000000797bd8000,0x0000000797c00000)
  to   space 3584K, 0% used [0x0000000797500000,0x0000000797500000,0x0000000797880000)
 ParOldGen       total 668672K, used 395104K [0x00000006c0000000, 0x00000006e8d00000, 0x000000076ab00000)
  object space 668672K, 59% used [0x00000006c0000000,0x00000006d81d81b8,0x00000006e8d00000)
 Metaspace       used 84219K, capacity 88756K, committed 88832K, reserved 1128448K
  class space    used 9721K, capacity 10471K, committed 10496K, reserved 1048576K
Event: 197,025 GC heap after
Heap after GC invocations=115 (full 4):
 PSYoungGen      total 229376K, used 1888K [0x000000076ab00000, 0x0000000797a80000, 0x00000007c0000000)
  eden space 227328K, 0% used [0x000000076ab00000,0x000000076ab00000,0x0000000778900000)
  from space 2048K, 92% used [0x0000000797500000,0x00000007976d8000,0x0000000797700000)
  to   space 3584K, 0% used [0x0000000797700000,0x0000000797700000,0x0000000797a80000)
 ParOldGen       total 668672K, used 395192K [0x00000006c0000000, 0x00000006e8d00000, 0x000000076ab00000)
  object space 668672K, 59% used [0x00000006c0000000,0x00000006d81ee1b8,0x00000006e8d00000)
 Metaspace       used 84219K, capacity 88756K, committed 88832K, reserved 1128448K
  class space    used 9721K, capacity 10471K, committed 10496K, reserved 1048576K
}
Event: 197,703 GC heap before
{Heap before GC invocations=116 (full 4):
 PSYoungGen      total 229376K, used 229216K [0x000000076ab00000, 0x0000000797a80000, 0x00000007c0000000)
  eden space 227328K, 100% used [0x000000076ab00000,0x0000000778900000,0x0000000778900000)
  from space 2048K, 92% used [0x0000000797500000,0x00000007976d8000,0x0000000797700000)
  to   space 3584K, 0% used [0x0000000797700000,0x0000000797700000,0x0000000797a80000)
 ParOldGen       total 668672K, used 395192K [0x00000006c0000000, 0x00000006e8d00000, 0x000000076ab00000)
  object space 668672K, 59% used [0x00000006c0000000,0x00000006d81ee1b8,0x00000006e8d00000)
 Metaspace       used 84353K, capacity 88980K, committed 89088K, reserved 1128448K
  class space    used 9745K, capacity 10489K, committed 10496K, reserved 1048576K
Event: 197,707 GC heap after
Heap after GC invocations=116 (full 4):
 PSYoungGen      total 236032K, used 2112K [0x000000076ab00000, 0x0000000797980000, 0x00000007c0000000)
  eden space 233472K, 0% used [0x000000076ab00000,0x000000076ab00000,0x0000000778f00000)
  from space 2560K, 82% used [0x0000000797700000,0x0000000797910000,0x0000000797980000)
  to   space 3584K, 0% used [0x0000000797280000,0x0000000797280000,0x0000000797600000)
 ParOldGen       total 668672K, used 395192K [0x00000006c0000000, 0x00000006e8d00000, 0x000000076ab00000)
  object space 668672K, 59% used [0x00000006c0000000,0x00000006d81ee1b8,0x00000006e8d00000)
 Metaspace       used 84353K, capacity 88980K, committed 89088K, reserved 1128448K
  class space    used 9745K, capacity 10489K, committed 10496K, reserved 1048576K
}

