# JRE version: OpenJDK Runtime Environment (8.0_362-b09) (build 1.8.0_362-8u372-ga~us1-0ubuntu1~22.04-b09)
# Java VM: OpenJDK 64-Bit Server VM (25.362-b09 mixed mode linux-amd64 compressed oops)
Heap:
 PSYoungGen      total 913408K, used 379740K [0x000000076ab00000, 0x00000007b1680000, 0x00000007c0000000)
  eden space 722432K, 36% used [0x000000076ab00000,0x000000077a90e4f8,0x0000000796c80000)
  from space 190976K, 62% used [0x0000000796c80000,0x000000079e148d88,0x00000007a2700000)
  to   space 195584K, 0% used [0x00000007a5780000,0x00000007a5780000,0x00000007b1680000)
 ParOldGen       total 758784K, used 347156K [0x00000006c0000000, 0x00000006ee500000, 0x000000076ab00000)
  object space 758784K, 45% used [0x00000006c0000000,0x00000006d5305090,0x00000006ee500000)
 Metaspace       used 94261K, capacity 100452K, committed 100608K, reserved 1138688K
  class space    used 10431K, capacity 11408K, committed 11520K, reserved 1048576K
GC Heap History (10 events):
Event: 38,047 GC heap before
{Heap before GC invocations=23 (full 4):
 PSYoungGen      total 778240K, used 741587K [0x000000076ab00000, 0x00000007a4d80000, 0x00000007c0000000)
  eden space 633344K, 100% used [0x000000076ab00000,0x0000000791580000,0x0000000791580000)
  from space 144896K, 74% used [0x000000079af00000,0x00000007a18b4d68,0x00000007a3c80000)
  to   space 157184K, 0% used [0x0000000791580000,0x0000000791580000,0x000000079af00000)
 ParOldGen       total 758784K, used 347116K [0x00000006c0000000, 0x00000006ee500000, 0x000000076ab00000)
  object space 758784K, 45% used [0x00000006c0000000,0x00000006d52fb090,0x00000006ee500000)
 Metaspace       used 92879K, capacity 98606K, committed 98816K, reserved 1136640K
  class space    used 10299K, capacity 11233K, committed 11264K, reserved 1048576K
Event: 38,075 GC heap after
Heap after GC invocations=23 (full 4):
 PSYoungGen      total 790528K, used 111206K [0x000000076ab00000, 0x00000007a9380000, 0x00000007c0000000)
  eden space 633344K, 0% used [0x000000076ab00000,0x000000076ab00000,0x0000000791580000)
  from space 157184K, 70% used [0x0000000791580000,0x0000000798219af0,0x000000079af00000)
  to   space 167936K, 0% used [0x000000079ef80000,0x000000079ef80000,0x00000007a9380000)
 ParOldGen       total 758784K, used 347124K [0x00000006c0000000, 0x00000006ee500000, 0x000000076ab00000)
  object space 758784K, 45% used [0x00000006c0000000,0x00000006d52fd090,0x00000006ee500000)
 Metaspace       used 92879K, capacity 98606K, committed 98816K, reserved 1136640K
  class space    used 10299K, capacity 11233K, committed 11264K, reserved 1048576K
}
Event: 43,953 GC heap before
{Heap before GC invocations=24 (full 4):
 PSYoungGen      total 790528K, used 744395K [0x000000076ab00000, 0x00000007a9380000, 0x00000007c0000000)
  eden space 633344K, 99% used [0x000000076ab00000,0x0000000791559128,0x0000000791580000)
  from space 157184K, 70% used [0x0000000791580000,0x0000000798219af0,0x000000079af00000)
  to   space 167936K, 0% used [0x000000079ef80000,0x000000079ef80000,0x00000007a9380000)
 ParOldGen       total 758784K, used 347124K [0x00000006c0000000, 0x00000006ee500000, 0x000000076ab00000)
  object space 758784K, 45% used [0x00000006c0000000,0x00000006d52fd090,0x00000006ee500000)
 Metaspace       used 93111K, capacity 98832K, committed 99072K, reserved 1136640K
  class space    used 10304K, capacity 11238K, committed 11264K, reserved 1048576K
Event: 43,986 GC heap after
Heap after GC invocations=24 (full 4):
 PSYoungGen      total 847360K, used 113171K [0x000000076ab00000, 0x00000007aa180000, 0x00000007c0000000)
  eden space 679424K, 0% used [0x000000076ab00000,0x000000076ab00000,0x0000000794280000)
  from space 167936K, 67% used [0x000000079ef80000,0x00000007a5e04d88,0x00000007a9380000)
  to   space 177152K, 0% used [0x0000000794280000,0x0000000794280000,0x000000079ef80000)
 ParOldGen       total 758784K, used 347132K [0x00000006c0000000, 0x00000006ee500000, 0x000000076ab00000)
  object space 758784K, 45% used [0x00000006c0000000,0x00000006d52ff090,0x00000006ee500000)
 Metaspace       used 93111K, capacity 98832K, committed 99072K, reserved 1136640K
  class space    used 10304K, capacity 11238K, committed 11264K, reserved 1048576K
}
Event: 50,339 GC heap before
{Heap before GC invocations=25 (full 4):
 PSYoungGen      total 847360K, used 792595K [0x000000076ab00000, 0x00000007aa180000, 0x00000007c0000000)
  eden space 679424K, 100% used [0x000000076ab00000,0x0000000794280000,0x0000000794280000)
  from space 167936K, 67% used [0x000000079ef80000,0x00000007a5e04d88,0x00000007a9380000)
  to   space 177152K, 0% used [0x0000000794280000,0x0000000794280000,0x000000079ef80000)
 ParOldGen       total 758784K, used 347132K [0x00000006c0000000, 0x00000006ee500000, 0x000000076ab00000)
  object space 758784K, 45% used [0x00000006c0000000,0x00000006d52ff090,0x00000006ee500000)
 Metaspace       used 93395K, capacity 99156K, committed 99328K, reserved 1136640K
  class space    used 10304K, capacity 11238K, committed 11264K, reserved 1048576K
Event: 50,362 GC heap after
Heap after GC invocations=25 (full 4):
 PSYoungGen      total 856576K, used 116691K [0x000000076ab00000, 0x00000007adb80000, 0x00000007c0000000)
  eden space 679424K, 0% used [0x000000076ab00000,0x000000076ab00000,0x0000000794280000)
  from space 177152K, 65% used [0x0000000794280000,0x000000079b474db8,0x000000079ef80000)
  to   space 184832K, 0% used [0x00000007a2700000,0x00000007a2700000,0x00000007adb80000)
 ParOldGen       total 758784K, used 347140K [0x00000006c0000000, 0x00000006ee500000, 0x000000076ab00000)
  object space 758784K, 45% used [0x00000006c0000000,0x00000006d5301090,0x00000006ee500000)
 Metaspace       used 93395K, capacity 99156K, committed 99328K, reserved 1136640K
  class space    used 10304K, capacity 11238K, committed 11264K, reserved 1048576K
}
Event: 56,547 GC heap before
{Heap before GC invocations=26 (full 4):
 PSYoungGen      total 856576K, used 796115K [0x000000076ab00000, 0x00000007adb80000, 0x00000007c0000000)
  eden space 679424K, 100% used [0x000000076ab00000,0x0000000794280000,0x0000000794280000)
  from space 177152K, 65% used [0x0000000794280000,0x000000079b474db8,0x000000079ef80000)
  to   space 184832K, 0% used [0x00000007a2700000,0x00000007a2700000,0x00000007adb80000)
 ParOldGen       total 758784K, used 347140K [0x00000006c0000000, 0x00000006ee500000, 0x000000076ab00000)
  object space 758784K, 45% used [0x00000006c0000000,0x00000006d5301090,0x00000006ee500000)
 Metaspace       used 93531K, capacity 99292K, committed 99328K, reserved 1136640K
  class space    used 10312K, capacity 11250K, committed 11264K, reserved 1048576K
Event: 56,575 GC heap after
Heap after GC invocations=26 (full 4):
 PSYoungGen      total 907264K, used 117171K [0x000000076ab00000, 0x00000007ae400000, 0x00000007c0000000)
  eden space 722432K, 0% used [0x000000076ab00000,0x000000076ab00000,0x0000000796c80000)
  from space 184832K, 63% used [0x00000007a2700000,0x00000007a996cda8,0x00000007adb80000)
  to   space 190976K, 0% used [0x0000000796c80000,0x0000000796c80000,0x00000007a2700000)
 ParOldGen       total 758784K, used 347148K [0x00000006c0000000, 0x00000006ee500000, 0x000000076ab00000)
  object space 758784K, 45% used [0x00000006c0000000,0x00000006d5303090,0x00000006ee500000)
 Metaspace       used 93531K, capacity 99292K, committed 99328K, reserved 1136640K
  class space    used 10312K, capacity 11250K, committed 11264K, reserved 1048576K
}
Event: 63,094 GC heap before
{Heap before GC invocations=27 (full 4):
 PSYoungGen      total 907264K, used 839603K [0x000000076ab00000, 0x00000007ae400000, 0x00000007c0000000)
  eden space 722432K, 100% used [0x000000076ab00000,0x0000000796c80000,0x0000000796c80000)
  from space 184832K, 63% used [0x00000007a2700000,0x00000007a996cda8,0x00000007adb80000)
  to   space 190976K, 0% used [0x0000000796c80000,0x0000000796c80000,0x00000007a2700000)
 ParOldGen       total 758784K, used 347148K [0x00000006c0000000, 0x00000006ee500000, 0x000000076ab00000)
  object space 758784K, 45% used [0x00000006c0000000,0x00000006d5303090,0x00000006ee500000)
 Metaspace       used 93580K, capacity 99362K, committed 99584K, reserved 1138688K
  class space    used 10314K, capacity 11251K, committed 11264K, reserved 1048576K
Event: 63,121 GC heap after
Heap after GC invocations=27 (full 4):
 PSYoungGen      total 913408K, used 119587K [0x000000076ab00000, 0x00000007b1680000, 0x00000007c0000000)
  eden space 722432K, 0% used [0x000000076ab00000,0x000000076ab00000,0x0000000796c80000)
  from space 190976K, 62% used [0x0000000796c80000,0x000000079e148d88,0x00000007a2700000)
  to   space 195584K, 0% used [0x00000007a5780000,0x00000007a5780000,0x00000007b1680000)
 ParOldGen       total 758784K, used 347156K [0x00000006c0000000, 0x00000006ee500000, 0x000000076ab00000)
  object space 758784K, 45% used [0x00000006c0000000,0x00000006d5305090,0x00000006ee500000)
 Metaspace       used 93580K, capacity 99362K, committed 99584K, reserved 1138688K
  class space    used 10314K, capacity 11251K, committed 11264K, reserved 1048576K
}

