# JRE version: OpenJDK Runtime Environment (11.0.13+8) (build 11.0.13+8-Ubuntu-0ubuntu1.20.04)
# Java VM: OpenJDK 64-Bit Server VM (11.0.13+8-Ubuntu-0ubuntu1.20.04, mixed mode, sharing, tiered, compressed oops, g1 gc, linux-amd64)
Heap:
 garbage-first heap   total 318464K, used 138651K [0x0000000080000000, 0x0000000100000000)
  region size 1024K, 124 young (126976K), 12 survivors (12288K)
 Metaspace       used 58761K, capacity 59941K, committed 60080K, reserved 1101824K
  class space    used 7103K, capacity 7592K, committed 7680K, reserved 1048576K
GC Heap History (12 events):
Event: 0,175 GC heap before
{Heap before GC invocations=0 (full 0):
 garbage-first heap   total 258048K, used 26312K [0x0000000080000000, 0x0000000100000000)
  region size 1024K, 24 young (24576K), 0 survivors (0K)
 Metaspace       used 1758K, capacity 4932K, committed 5120K, reserved 1056768K
  class space    used 172K, capacity 473K, committed 512K, reserved 1048576K
}
Event: 0,182 GC heap after
{Heap after GC invocations=1 (full 0):
 garbage-first heap   total 258048K, used 10002K [0x0000000080000000, 0x0000000100000000)
  region size 1024K, 3 young (3072K), 3 survivors (3072K)
 Metaspace       used 1758K, capacity 4932K, committed 5120K, reserved 1056768K
  class space    used 172K, capacity 473K, committed 512K, reserved 1048576K
}
Event: 1,251 GC heap before
{Heap before GC invocations=1 (full 0):
 garbage-first heap   total 258048K, used 160530K [0x0000000080000000, 0x0000000100000000)
  region size 1024K, 150 young (153600K), 3 survivors (3072K)
 Metaspace       used 16963K, capacity 17296K, committed 17536K, reserved 1064960K
  class space    used 2271K, capacity 2393K, committed 2432K, reserved 1048576K
}
Event: 1,257 GC heap after
{Heap after GC invocations=2 (full 0):
 garbage-first heap   total 258048K, used 14054K [0x0000000080000000, 0x0000000100000000)
  region size 1024K, 7 young (7168K), 7 survivors (7168K)
 Metaspace       used 16963K, capacity 17296K, committed 17536K, reserved 1064960K
  class space    used 2271K, capacity 2393K, committed 2432K, reserved 1048576K
}
Event: 1,400 GC heap before
{Heap before GC invocations=2 (full 0):
 garbage-first heap   total 258048K, used 55014K [0x0000000080000000, 0x0000000100000000)
  region size 1024K, 48 young (49152K), 7 survivors (7168K)
 Metaspace       used 20758K, capacity 21192K, committed 21296K, reserved 1067008K
  class space    used 2742K, capacity 2905K, committed 2944K, reserved 1048576K
}
Event: 1,407 GC heap after
{Heap after GC invocations=3 (full 0):
 garbage-first heap   total 258048K, used 15122K [0x0000000080000000, 0x0000000100000000)
  region size 1024K, 8 young (8192K), 8 survivors (8192K)
 Metaspace       used 20758K, capacity 21192K, committed 21296K, reserved 1067008K
  class space    used 2742K, capacity 2905K, committed 2944K, reserved 1048576K
}
Event: 1,705 GC heap before
{Heap before GC invocations=4 (full 0):
 garbage-first heap   total 258048K, used 88850K [0x0000000080000000, 0x0000000100000000)
  region size 1024K, 80 young (81920K), 8 survivors (8192K)
 Metaspace       used 27340K, capacity 27900K, committed 28080K, reserved 1073152K
  class space    used 3521K, capacity 3739K, committed 3840K, reserved 1048576K
}
Event: 1,712 GC heap after
{Heap after GC invocations=5 (full 0):
 garbage-first heap   total 258048K, used 16338K [0x0000000080000000, 0x0000000100000000)
  region size 1024K, 7 young (7168K), 7 survivors (7168K)
 Metaspace       used 27340K, capacity 27900K, committed 28080K, reserved 1073152K
  class space    used 3521K, capacity 3739K, committed 3840K, reserved 1048576K
}
Event: 2,353 GC heap before
{Heap before GC invocations=5 (full 0):
 garbage-first heap   total 258048K, used 91090K [0x0000000080000000, 0x0000000100000000)
  region size 1024K, 75 young (76800K), 7 survivors (7168K)
 Metaspace       used 35130K, capacity 35669K, committed 35888K, reserved 1081344K
  class space    used 4379K, capacity 4623K, committed 4736K, reserved 1048576K
}
Event: 2,361 GC heap after
{Heap after GC invocations=6 (full 0):
 garbage-first heap   total 258048K, used 20813K [0x0000000080000000, 0x0000000100000000)
  region size 1024K, 11 young (11264K), 11 survivors (11264K)
 Metaspace       used 35130K, capacity 35669K, committed 35888K, reserved 1081344K
  class space    used 4379K, capacity 4623K, committed 4736K, reserved 1048576K
}
Event: 3,026 GC heap before
{Heap before GC invocations=7 (full 0):
 garbage-first heap   total 258048K, used 142669K [0x0000000080000000, 0x0000000100000000)
  region size 1024K, 130 young (133120K), 11 survivors (11264K)
 Metaspace       used 48768K, capacity 49695K, committed 49968K, reserved 1093632K
  class space    used 6061K, capacity 6448K, committed 6528K, reserved 1048576K
}
Event: 3,032 GC heap after
{Heap after GC invocations=8 (full 0):
 garbage-first heap   total 318464K, used 26011K [0x0000000080000000, 0x0000000100000000)
  region size 1024K, 12 young (12288K), 12 survivors (12288K)
 Metaspace       used 48768K, capacity 49695K, committed 49968K, reserved 1093632K
  class space    used 6061K, capacity 6448K, committed 6528K, reserved 1048576K
}

