# JRE version: OpenJDK Runtime Environment (11.0.13+8) (build 11.0.13+8-Ubuntu-0ubuntu1.20.04)
# Java VM: OpenJDK 64-Bit Server VM (11.0.13+8-Ubuntu-0ubuntu1.20.04, mixed mode, sharing, tiered, compressed oops, g1 gc, linux-amd64)
Heap:
 garbage-first heap   total 258048K, used 97018K [0x0000000080000000, 0x0000000100000000)
  region size 1024K, 83 young (84992K), 12 survivors (12288K)
 Metaspace       used 58296K, capacity 59479K, committed 59824K, reserved 1101824K
  class space    used 7097K, capacity 7591K, committed 7680K, reserved 1048576K
GC Heap History (12 events):
Event: 0,194 GC heap before
{Heap before GC invocations=0 (full 0):
 garbage-first heap   total 258048K, used 26312K [0x0000000080000000, 0x0000000100000000)
  region size 1024K, 24 young (24576K), 0 survivors (0K)
 Metaspace       used 1982K, capacity 5091K, committed 5376K, reserved 1056768K
  class space    used 194K, capacity 484K, committed 512K, reserved 1048576K
}
Event: 0,199 GC heap after
{Heap after GC invocations=1 (full 0):
 garbage-first heap   total 258048K, used 9972K [0x0000000080000000, 0x0000000100000000)
  region size 1024K, 3 young (3072K), 3 survivors (3072K)
 Metaspace       used 1982K, capacity 5091K, committed 5376K, reserved 1056768K
  class space    used 194K, capacity 484K, committed 512K, reserved 1048576K
}
Event: 1,429 GC heap before
{Heap before GC invocations=1 (full 0):
 garbage-first heap   total 258048K, used 160500K [0x0000000080000000, 0x0000000100000000)
  region size 1024K, 150 young (153600K), 3 survivors (3072K)
 Metaspace       used 16651K, capacity 16976K, committed 17280K, reserved 1064960K
  class space    used 2221K, capacity 2329K, committed 2432K, reserved 1048576K
}
Event: 1,435 GC heap after
{Heap after GC invocations=2 (full 0):
 garbage-first heap   total 258048K, used 14039K [0x0000000080000000, 0x0000000100000000)
  region size 1024K, 7 young (7168K), 7 survivors (7168K)
 Metaspace       used 16651K, capacity 16976K, committed 17280K, reserved 1064960K
  class space    used 2221K, capacity 2329K, committed 2432K, reserved 1048576K
}
Event: 1,603 GC heap before
{Heap before GC invocations=2 (full 0):
 garbage-first heap   total 258048K, used 62167K [0x0000000080000000, 0x0000000100000000)
  region size 1024K, 55 young (56320K), 7 survivors (7168K)
 Metaspace       used 20769K, capacity 21192K, committed 21296K, reserved 1067008K
  class space    used 2740K, capacity 2905K, committed 2944K, reserved 1048576K
}
Event: 1,610 GC heap after
{Heap after GC invocations=3 (full 0):
 garbage-first heap   total 258048K, used 15455K [0x0000000080000000, 0x0000000100000000)
  region size 1024K, 9 young (9216K), 9 survivors (9216K)
 Metaspace       used 20769K, capacity 21192K, committed 21296K, reserved 1067008K
  class space    used 2740K, capacity 2905K, committed 2944K, reserved 1048576K
}
Event: 2,006 GC heap before
{Heap before GC invocations=4 (full 0):
 garbage-first heap   total 258048K, used 100447K [0x0000000080000000, 0x0000000100000000)
  region size 1024K, 91 young (93184K), 9 survivors (9216K)
 Metaspace       used 28695K, capacity 29244K, committed 29744K, reserved 1075200K
  class space    used 3675K, capacity 3867K, committed 3968K, reserved 1048576K
}
Event: 2,012 GC heap after
{Heap after GC invocations=5 (full 0):
 garbage-first heap   total 258048K, used 17773K [0x0000000080000000, 0x0000000100000000)
  region size 1024K, 7 young (7168K), 7 survivors (7168K)
 Metaspace       used 28695K, capacity 29244K, committed 29744K, reserved 1075200K
  class space    used 3675K, capacity 3867K, committed 3968K, reserved 1048576K
}
Event: 2,591 GC heap before
{Heap before GC invocations=5 (full 0):
 garbage-first heap   total 258048K, used 81261K [0x0000000080000000, 0x0000000100000000)
  region size 1024K, 64 young (65536K), 7 survivors (7168K)
 Metaspace       used 35121K, capacity 35669K, committed 35888K, reserved 1081344K
  class space    used 4385K, capacity 4623K, committed 4736K, reserved 1048576K
}
Event: 2,599 GC heap after
{Heap after GC invocations=6 (full 0):
 garbage-first heap   total 258048K, used 21420K [0x0000000080000000, 0x0000000100000000)
  region size 1024K, 11 young (11264K), 11 survivors (11264K)
 Metaspace       used 35121K, capacity 35669K, committed 35888K, reserved 1081344K
  class space    used 4385K, capacity 4623K, committed 4736K, reserved 1048576K
}
Event: 3,351 GC heap before
{Heap before GC invocations=7 (full 0):
 garbage-first heap   total 258048K, used 157612K [0x0000000080000000, 0x0000000100000000)
  region size 1024K, 144 young (147456K), 11 survivors (11264K)
 Metaspace       used 48779K, capacity 49628K, committed 49968K, reserved 1093632K
  class space    used 6070K, capacity 6447K, committed 6528K, reserved 1048576K
}
Event: 3,359 GC heap after
{Heap after GC invocations=8 (full 0):
 garbage-first heap   total 258048K, used 26362K [0x0000000080000000, 0x0000000100000000)
  region size 1024K, 12 young (12288K), 12 survivors (12288K)
 Metaspace       used 48779K, capacity 49628K, committed 49968K, reserved 1093632K
  class space    used 6070K, capacity 6447K, committed 6528K, reserved 1048576K
}

