# JRE version: OpenJDK Runtime Environment (11.0.13+8) (build 11.0.13+8-Ubuntu-0ubuntu1.20.04)
# Java VM: OpenJDK 64-Bit Server VM (11.0.13+8-Ubuntu-0ubuntu1.20.04, mixed mode, sharing, tiered, compressed oops, g1 gc, linux-amd64)
Heap:
 garbage-first heap   total 258048K, used 94681K [0x0000000080000000, 0x0000000100000000)
  region size 1024K, 81 young (82944K), 12 survivors (12288K)
 Metaspace       used 58229K, capacity 59352K, committed 59440K, reserved 1101824K
  class space    used 7067K, capacity 7548K, committed 7552K, reserved 1048576K
GC Heap History (10 events):
Event: 0,186 GC heap before
{Heap before GC invocations=0 (full 0):
 garbage-first heap   total 258048K, used 26312K [0x0000000080000000, 0x0000000100000000)
  region size 1024K, 24 young (24576K), 0 survivors (0K)
 Metaspace       used 1999K, capacity 5091K, committed 5376K, reserved 1056768K
  class space    used 194K, capacity 484K, committed 512K, reserved 1048576K
}
Event: 0,193 GC heap after
{Heap after GC invocations=1 (full 0):
 garbage-first heap   total 258048K, used 9972K [0x0000000080000000, 0x0000000100000000)
  region size 1024K, 3 young (3072K), 3 survivors (3072K)
 Metaspace       used 1999K, capacity 5091K, committed 5376K, reserved 1056768K
  class space    used 194K, capacity 484K, committed 512K, reserved 1048576K
}
Event: 1,294 GC heap before
{Heap before GC invocations=1 (full 0):
 garbage-first heap   total 258048K, used 160500K [0x0000000080000000, 0x0000000100000000)
  region size 1024K, 150 young (153600K), 3 survivors (3072K)
 Metaspace       used 17070K, capacity 17360K, committed 17536K, reserved 1064960K
  class space    used 2284K, capacity 2393K, committed 2432K, reserved 1048576K
}
Event: 1,300 GC heap after
{Heap after GC invocations=2 (full 0):
 garbage-first heap   total 258048K, used 14308K [0x0000000080000000, 0x0000000100000000)
  region size 1024K, 8 young (8192K), 8 survivors (8192K)
 Metaspace       used 17070K, capacity 17360K, committed 17536K, reserved 1064960K
  class space    used 2284K, capacity 2393K, committed 2432K, reserved 1048576K
}
Event: 1,440 GC heap before
{Heap before GC invocations=2 (full 0):
 garbage-first heap   total 258048K, used 52196K [0x0000000080000000, 0x0000000100000000)
  region size 1024K, 46 young (47104K), 8 survivors (8192K)
 Metaspace       used 20767K, capacity 21192K, committed 21296K, reserved 1067008K
  class space    used 2743K, capacity 2905K, committed 2944K, reserved 1048576K
}
Event: 1,447 GC heap after
{Heap after GC invocations=3 (full 0):
 garbage-first heap   total 258048K, used 14916K [0x0000000080000000, 0x0000000100000000)
  region size 1024K, 8 young (8192K), 8 survivors (8192K)
 Metaspace       used 20767K, capacity 21192K, committed 21296K, reserved 1067008K
  class space    used 2743K, capacity 2905K, committed 2944K, reserved 1048576K
}
Event: 2,381 GC heap before
{Heap before GC invocations=4 (full 0):
 garbage-first heap   total 258048K, used 161348K [0x0000000080000000, 0x0000000100000000)
  region size 1024K, 146 young (149504K), 8 survivors (8192K)
 Metaspace       used 35041K, capacity 35605K, committed 35888K, reserved 1081344K
  class space    used 4376K, capacity 4623K, committed 4736K, reserved 1048576K
}
Event: 2,391 GC heap after
{Heap after GC invocations=5 (full 0):
 garbage-first heap   total 258048K, used 21149K [0x0000000080000000, 0x0000000100000000)
  region size 1024K, 14 young (14336K), 14 survivors (14336K)
 Metaspace       used 35041K, capacity 35605K, committed 35888K, reserved 1081344K
  class space    used 4376K, capacity 4623K, committed 4736K, reserved 1048576K
}
Event: 3,019 GC heap before
{Heap before GC invocations=6 (full 0):
 garbage-first heap   total 258048K, used 160413K [0x0000000080000000, 0x0000000100000000)
  region size 1024K, 150 young (153600K), 14 survivors (14336K)
 Metaspace       used 48754K, capacity 49631K, committed 49968K, reserved 1093632K
  class space    used 6063K, capacity 6448K, committed 6528K, reserved 1048576K
}
Event: 3,028 GC heap after
{Heap after GC invocations=7 (full 0):
 garbage-first heap   total 258048K, used 26073K [0x0000000080000000, 0x0000000100000000)
  region size 1024K, 12 young (12288K), 12 survivors (12288K)
 Metaspace       used 48754K, capacity 49631K, committed 49968K, reserved 1093632K
  class space    used 6063K, capacity 6448K, committed 6528K, reserved 1048576K
}

