# JRE version: OpenJDK Runtime Environment (11.0.13+8) (build 11.0.13+8-Ubuntu-0ubuntu1.20.04)
# Java VM: OpenJDK 64-Bit Server VM (11.0.13+8-Ubuntu-0ubuntu1.20.04, mixed mode, sharing, tiered, compressed oops, g1 gc, linux-amd64)
Heap:
 garbage-first heap   total 258048K, used 94525K [0x0000000080000000, 0x0000000100000000)
  region size 1024K, 82 young (83968K), 13 survivors (13312K)
 Metaspace       used 58387K, capacity 59535K, committed 59824K, reserved 1101824K
  class space    used 7094K, capacity 7588K, committed 7680K, reserved 1048576K
GC Heap History (12 events):
Event: 0,202 GC heap before
{Heap before GC invocations=0 (full 0):
 garbage-first heap   total 258048K, used 26312K [0x0000000080000000, 0x0000000100000000)
  region size 1024K, 24 young (24576K), 0 survivors (0K)
 Metaspace       used 1971K, capacity 5091K, committed 5376K, reserved 1056768K
  class space    used 193K, capacity 484K, committed 512K, reserved 1048576K
}
Event: 0,209 GC heap after
{Heap after GC invocations=1 (full 0):
 garbage-first heap   total 258048K, used 9924K [0x0000000080000000, 0x0000000100000000)
  region size 1024K, 3 young (3072K), 3 survivors (3072K)
 Metaspace       used 1971K, capacity 5091K, committed 5376K, reserved 1056768K
  class space    used 193K, capacity 484K, committed 512K, reserved 1048576K
}
Event: 1,336 GC heap before
{Heap before GC invocations=1 (full 0):
 garbage-first heap   total 258048K, used 160452K [0x0000000080000000, 0x0000000100000000)
  region size 1024K, 150 young (153600K), 3 survivors (3072K)
 Metaspace       used 16866K, capacity 17200K, committed 17536K, reserved 1064960K
  class space    used 2254K, capacity 2361K, committed 2432K, reserved 1048576K
}
Event: 1,341 GC heap after
{Heap after GC invocations=2 (full 0):
 garbage-first heap   total 258048K, used 13864K [0x0000000080000000, 0x0000000100000000)
  region size 1024K, 7 young (7168K), 7 survivors (7168K)
 Metaspace       used 16866K, capacity 17200K, committed 17536K, reserved 1064960K
  class space    used 2254K, capacity 2361K, committed 2432K, reserved 1048576K
}
Event: 1,488 GC heap before
{Heap before GC invocations=2 (full 0):
 garbage-first heap   total 258048K, used 55848K [0x0000000080000000, 0x0000000100000000)
  region size 1024K, 49 young (50176K), 7 survivors (7168K)
 Metaspace       used 20819K, capacity 21224K, committed 21296K, reserved 1067008K
  class space    used 2745K, capacity 2937K, committed 2944K, reserved 1048576K
}
Event: 1,494 GC heap after
{Heap after GC invocations=3 (full 0):
 garbage-first heap   total 258048K, used 15044K [0x0000000080000000, 0x0000000100000000)
  region size 1024K, 8 young (8192K), 8 survivors (8192K)
 Metaspace       used 20819K, capacity 21224K, committed 21296K, reserved 1067008K
  class space    used 2745K, capacity 2937K, committed 2944K, reserved 1048576K
}
Event: 1,837 GC heap before
{Heap before GC invocations=4 (full 0):
 garbage-first heap   total 258048K, used 97988K [0x0000000080000000, 0x0000000100000000)
  region size 1024K, 88 young (90112K), 8 survivors (8192K)
 Metaspace       used 28684K, capacity 29180K, committed 29488K, reserved 1075200K
  class space    used 3675K, capacity 3867K, committed 3968K, reserved 1048576K
}
Event: 1,844 GC heap after
{Heap after GC invocations=5 (full 0):
 garbage-first heap   total 258048K, used 17189K [0x0000000080000000, 0x0000000100000000)
  region size 1024K, 7 young (7168K), 7 survivors (7168K)
 Metaspace       used 28684K, capacity 29180K, committed 29488K, reserved 1075200K
  class space    used 3675K, capacity 3867K, committed 3968K, reserved 1048576K
}
Event: 2,413 GC heap before
{Heap before GC invocations=5 (full 0):
 garbage-first heap   total 258048K, used 79653K [0x0000000080000000, 0x0000000100000000)
  region size 1024K, 64 young (65536K), 7 survivors (7168K)
 Metaspace       used 35048K, capacity 35605K, committed 35888K, reserved 1081344K
  class space    used 4379K, capacity 4623K, committed 4736K, reserved 1048576K
}
Event: 2,420 GC heap after
{Heap after GC invocations=6 (full 0):
 garbage-first heap   total 258048K, used 20844K [0x0000000080000000, 0x0000000100000000)
  region size 1024K, 11 young (11264K), 11 survivors (11264K)
 Metaspace       used 35048K, capacity 35605K, committed 35888K, reserved 1081344K
  class space    used 4379K, capacity 4623K, committed 4736K, reserved 1048576K
}
Event: 3,055 GC heap before
{Heap before GC invocations=7 (full 0):
 garbage-first heap   total 258048K, used 153964K [0x0000000080000000, 0x0000000100000000)
  region size 1024K, 141 young (144384K), 11 survivors (11264K)
 Metaspace       used 48804K, capacity 49695K, committed 49968K, reserved 1093632K
  class space    used 6072K, capacity 6448K, committed 6528K, reserved 1048576K
}
Event: 3,063 GC heap after
{Heap after GC invocations=8 (full 0):
 garbage-first heap   total 258048K, used 25917K [0x0000000080000000, 0x0000000100000000)
  region size 1024K, 13 young (13312K), 13 survivors (13312K)
 Metaspace       used 48804K, capacity 49695K, committed 49968K, reserved 1093632K
  class space    used 6072K, capacity 6448K, committed 6528K, reserved 1048576K
}

