# JRE version: OpenJDK Runtime Environment (11.0.13+8) (build 11.0.13+8-Ubuntu-0ubuntu1.20.04)
# Java VM: OpenJDK 64-Bit Server VM (11.0.13+8-Ubuntu-0ubuntu1.20.04, mixed mode, sharing, tiered, compressed oops, g1 gc, linux-amd64)
Heap:
 garbage-first heap   total 258048K, used 93283K [0x0000000080000000, 0x0000000100000000)
  region size 1024K, 80 young (81920K), 12 survivors (12288K)
 Metaspace       used 58233K, capacity 59352K, committed 59440K, reserved 1101824K
  class space    used 7067K, capacity 7548K, committed 7552K, reserved 1048576K
GC Heap History (10 events):
Event: 0,195 GC heap before
{Heap before GC invocations=0 (full 0):
 garbage-first heap   total 258048K, used 26312K [0x0000000080000000, 0x0000000100000000)
  region size 1024K, 24 young (24576K), 0 survivors (0K)
 Metaspace       used 1981K, capacity 5091K, committed 5120K, reserved 1056768K
  class space    used 194K, capacity 484K, committed 512K, reserved 1048576K
}
Event: 0,202 GC heap after
{Heap after GC invocations=1 (full 0):
 garbage-first heap   total 258048K, used 9884K [0x0000000080000000, 0x0000000100000000)
  region size 1024K, 3 young (3072K), 3 survivors (3072K)
 Metaspace       used 1981K, capacity 5091K, committed 5120K, reserved 1056768K
  class space    used 194K, capacity 484K, committed 512K, reserved 1048576K
}
Event: 1,259 GC heap before
{Heap before GC invocations=1 (full 0):
 garbage-first heap   total 258048K, used 160412K [0x0000000080000000, 0x0000000100000000)
  region size 1024K, 150 young (153600K), 3 survivors (3072K)
 Metaspace       used 17097K, capacity 17424K, committed 17792K, reserved 1064960K
  class space    used 2286K, capacity 2393K, committed 2432K, reserved 1048576K
}
Event: 1,266 GC heap after
{Heap after GC invocations=2 (full 0):
 garbage-first heap   total 258048K, used 14126K [0x0000000080000000, 0x0000000100000000)
  region size 1024K, 8 young (8192K), 8 survivors (8192K)
 Metaspace       used 17097K, capacity 17424K, committed 17792K, reserved 1064960K
  class space    used 2286K, capacity 2393K, committed 2432K, reserved 1048576K
}
Event: 1,406 GC heap before
{Heap before GC invocations=2 (full 0):
 garbage-first heap   total 258048K, used 52014K [0x0000000080000000, 0x0000000100000000)
  region size 1024K, 46 young (47104K), 8 survivors (8192K)
 Metaspace       used 20822K, capacity 21224K, committed 21296K, reserved 1067008K
  class space    used 2749K, capacity 2937K, committed 2944K, reserved 1048576K
}
Event: 1,415 GC heap after
{Heap after GC invocations=3 (full 0):
 garbage-first heap   total 258048K, used 14790K [0x0000000080000000, 0x0000000100000000)
  region size 1024K, 8 young (8192K), 8 survivors (8192K)
 Metaspace       used 20822K, capacity 21224K, committed 21296K, reserved 1067008K
  class space    used 2749K, capacity 2937K, committed 2944K, reserved 1048576K
}
Event: 2,357 GC heap before
{Heap before GC invocations=4 (full 0):
 garbage-first heap   total 258048K, used 160198K [0x0000000080000000, 0x0000000100000000)
  region size 1024K, 145 young (148480K), 8 survivors (8192K)
 Metaspace       used 35028K, capacity 35605K, committed 35888K, reserved 1081344K
  class space    used 4377K, capacity 4623K, committed 4736K, reserved 1048576K
}
Event: 2,367 GC heap after
{Heap after GC invocations=5 (full 0):
 garbage-first heap   total 258048K, used 20637K [0x0000000080000000, 0x0000000100000000)
  region size 1024K, 14 young (14336K), 14 survivors (14336K)
 Metaspace       used 35028K, capacity 35605K, committed 35888K, reserved 1081344K
  class space    used 4377K, capacity 4623K, committed 4736K, reserved 1048576K
}
Event: 2,983 GC heap before
{Heap before GC invocations=6 (full 0):
 garbage-first heap   total 258048K, used 159901K [0x0000000080000000, 0x0000000100000000)
  region size 1024K, 150 young (153600K), 14 survivors (14336K)
 Metaspace       used 48751K, capacity 49631K, committed 49968K, reserved 1093632K
  class space    used 6064K, capacity 6448K, committed 6528K, reserved 1048576K
}
Event: 2,992 GC heap after
{Heap after GC invocations=7 (full 0):
 garbage-first heap   total 258048K, used 25699K [0x0000000080000000, 0x0000000100000000)
  region size 1024K, 12 young (12288K), 12 survivors (12288K)
 Metaspace       used 48751K, capacity 49631K, committed 49968K, reserved 1093632K
  class space    used 6064K, capacity 6448K, committed 6528K, reserved 1048576K
}

