# JRE version: OpenJDK Runtime Environment (11.0.13+8) (build 11.0.13+8-Ubuntu-0ubuntu1.20.04)
# Java VM: OpenJDK 64-Bit Server VM (11.0.13+8-Ubuntu-0ubuntu1.20.04, mixed mode, sharing, tiered, compressed oops, g1 gc, linux-amd64)
Heap:
 garbage-first heap   total 258048K, used 92934K [0x0000000080000000, 0x0000000100000000)
  region size 1024K, 79 young (80896K), 12 survivors (12288K)
 Metaspace       used 58285K, capacity 59416K, committed 59440K, reserved 1101824K
  class space    used 7072K, capacity 7548K, committed 7552K, reserved 1048576K
GC Heap History (12 events):
Event: 0,170 GC heap before
{Heap before GC invocations=0 (full 0):
 garbage-first heap   total 258048K, used 26312K [0x0000000080000000, 0x0000000100000000)
  region size 1024K, 24 young (24576K), 0 survivors (0K)
 Metaspace       used 1808K, capacity 4932K, committed 5120K, reserved 1056768K
  class space    used 177K, capacity 473K, committed 512K, reserved 1048576K
}
Event: 0,174 GC heap after
{Heap after GC invocations=1 (full 0):
 garbage-first heap   total 258048K, used 10131K [0x0000000080000000, 0x0000000100000000)
  region size 1024K, 3 young (3072K), 3 survivors (3072K)
 Metaspace       used 1808K, capacity 4932K, committed 5120K, reserved 1056768K
  class space    used 177K, capacity 473K, committed 512K, reserved 1048576K
}
Event: 1,217 GC heap before
{Heap before GC invocations=1 (full 0):
 garbage-first heap   total 258048K, used 160659K [0x0000000080000000, 0x0000000100000000)
  region size 1024K, 150 young (153600K), 3 survivors (3072K)
 Metaspace       used 17031K, capacity 17296K, committed 17536K, reserved 1064960K
  class space    used 2281K, capacity 2393K, committed 2432K, reserved 1048576K
}
Event: 1,223 GC heap after
{Heap after GC invocations=2 (full 0):
 garbage-first heap   total 258048K, used 14157K [0x0000000080000000, 0x0000000100000000)
  region size 1024K, 7 young (7168K), 7 survivors (7168K)
 Metaspace       used 17031K, capacity 17296K, committed 17536K, reserved 1064960K
  class space    used 2281K, capacity 2393K, committed 2432K, reserved 1048576K
}
Event: 1,367 GC heap before
{Heap before GC invocations=2 (full 0):
 garbage-first heap   total 258048K, used 54093K [0x0000000080000000, 0x0000000100000000)
  region size 1024K, 47 young (48128K), 7 survivors (7168K)
 Metaspace       used 20772K, capacity 21192K, committed 21296K, reserved 1067008K
  class space    used 2740K, capacity 2905K, committed 2944K, reserved 1048576K
}
Event: 1,374 GC heap after
{Heap after GC invocations=3 (full 0):
 garbage-first heap   total 258048K, used 15596K [0x0000000080000000, 0x0000000100000000)
  region size 1024K, 9 young (9216K), 9 survivors (9216K)
 Metaspace       used 20772K, capacity 21192K, committed 21296K, reserved 1067008K
  class space    used 2740K, capacity 2905K, committed 2944K, reserved 1048576K
}
Event: 1,677 GC heap before
{Heap before GC invocations=4 (full 0):
 garbage-first heap   total 258048K, used 90348K [0x0000000080000000, 0x0000000100000000)
  region size 1024K, 82 young (83968K), 9 survivors (9216K)
 Metaspace       used 27318K, capacity 27836K, committed 28080K, reserved 1073152K
  class space    used 3529K, capacity 3739K, committed 3840K, reserved 1048576K
}
Event: 1,683 GC heap after
{Heap after GC invocations=5 (full 0):
 garbage-first heap   total 258048K, used 16690K [0x0000000080000000, 0x0000000100000000)
  region size 1024K, 7 young (7168K), 7 survivors (7168K)
 Metaspace       used 27318K, capacity 27836K, committed 28080K, reserved 1073152K
  class space    used 3529K, capacity 3739K, committed 3840K, reserved 1048576K
}
Event: 2,254 GC heap before
{Heap before GC invocations=5 (full 0):
 garbage-first heap   total 258048K, used 90418K [0x0000000080000000, 0x0000000100000000)
  region size 1024K, 74 young (75776K), 7 survivors (7168K)
 Metaspace       used 35048K, capacity 35602K, committed 35888K, reserved 1081344K
  class space    used 4380K, capacity 4622K, committed 4736K, reserved 1048576K
}
Event: 2,261 GC heap after
{Heap after GC invocations=6 (full 0):
 garbage-first heap   total 258048K, used 21174K [0x0000000080000000, 0x0000000100000000)
  region size 1024K, 11 young (11264K), 11 survivors (11264K)
 Metaspace       used 35048K, capacity 35602K, committed 35888K, reserved 1081344K
  class space    used 4380K, capacity 4622K, committed 4736K, reserved 1048576K
}
Event: 2,866 GC heap before
{Heap before GC invocations=7 (full 0):
 garbage-first heap   total 258048K, used 153270K [0x0000000080000000, 0x0000000100000000)
  region size 1024K, 141 young (144384K), 11 survivors (11264K)
 Metaspace       used 48793K, capacity 49694K, committed 49968K, reserved 1093632K
  class space    used 6071K, capacity 6448K, committed 6528K, reserved 1048576K
}
Event: 2,874 GC heap after
{Heap after GC invocations=8 (full 0):
 garbage-first heap   total 258048K, used 26374K [0x0000000080000000, 0x0000000100000000)
  region size 1024K, 12 young (12288K), 12 survivors (12288K)
 Metaspace       used 48793K, capacity 49694K, committed 49968K, reserved 1093632K
  class space    used 6071K, capacity 6448K, committed 6528K, reserved 1048576K
}

