# JRE version: OpenJDK Runtime Environment (11.0.13+8) (build 11.0.13+8-Ubuntu-0ubuntu1.20.04)
# Java VM: OpenJDK 64-Bit Server VM (11.0.13+8-Ubuntu-0ubuntu1.20.04, mixed mode, sharing, tiered, compressed oops, g1 gc, linux-amd64)
Heap:
 garbage-first heap   total 258048K, used 95922K [0x0000000080000000, 0x0000000100000000)
  region size 1024K, 82 young (83968K), 12 survivors (12288K)
 Metaspace       used 58438K, capacity 59607K, committed 59824K, reserved 1101824K
  class space    used 7099K, capacity 7591K, committed 7680K, reserved 1048576K
GC Heap History (12 events):
Event: 0,191 GC heap before
{Heap before GC invocations=0 (full 0):
 garbage-first heap   total 258048K, used 26312K [0x0000000080000000, 0x0000000100000000)
  region size 1024K, 24 young (24576K), 0 survivors (0K)
 Metaspace       used 1984K, capacity 5091K, committed 5376K, reserved 1056768K
  class space    used 193K, capacity 484K, committed 512K, reserved 1048576K
}
Event: 0,195 GC heap after
{Heap after GC invocations=1 (full 0):
 garbage-first heap   total 258048K, used 10617K [0x0000000080000000, 0x0000000100000000)
  region size 1024K, 3 young (3072K), 3 survivors (3072K)
 Metaspace       used 1984K, capacity 5091K, committed 5376K, reserved 1056768K
  class space    used 193K, capacity 484K, committed 512K, reserved 1048576K
}
Event: 1,282 GC heap before
{Heap before GC invocations=1 (full 0):
 garbage-first heap   total 258048K, used 161145K [0x0000000080000000, 0x0000000100000000)
  region size 1024K, 150 young (153600K), 3 survivors (3072K)
 Metaspace       used 16841K, capacity 17136K, committed 17280K, reserved 1064960K
  class space    used 2251K, capacity 2361K, committed 2432K, reserved 1048576K
}
Event: 1,287 GC heap after
{Heap after GC invocations=2 (full 0):
 garbage-first heap   total 258048K, used 14216K [0x0000000080000000, 0x0000000100000000)
  region size 1024K, 7 young (7168K), 7 survivors (7168K)
 Metaspace       used 16841K, capacity 17136K, committed 17280K, reserved 1064960K
  class space    used 2251K, capacity 2361K, committed 2432K, reserved 1048576K
}
Event: 1,423 GC heap before
{Heap before GC invocations=2 (full 0):
 garbage-first heap   total 258048K, used 56200K [0x0000000080000000, 0x0000000100000000)
  region size 1024K, 49 young (50176K), 7 survivors (7168K)
 Metaspace       used 20759K, capacity 21192K, committed 21296K, reserved 1067008K
  class space    used 2738K, capacity 2905K, committed 2944K, reserved 1048576K
}
Event: 1,428 GC heap after
{Heap after GC invocations=3 (full 0):
 garbage-first heap   total 258048K, used 15475K [0x0000000080000000, 0x0000000100000000)
  region size 1024K, 8 young (8192K), 8 survivors (8192K)
 Metaspace       used 20759K, capacity 21192K, committed 21296K, reserved 1067008K
  class space    used 2738K, capacity 2905K, committed 2944K, reserved 1048576K
}
Event: 1,871 GC heap before
{Heap before GC invocations=4 (full 0):
 garbage-first heap   total 258048K, used 127091K [0x0000000080000000, 0x0000000100000000)
  region size 1024K, 111 young (113664K), 8 survivors (8192K)
 Metaspace       used 30612K, capacity 31130K, committed 31536K, reserved 1077248K
  class space    used 3884K, capacity 4109K, committed 4224K, reserved 1048576K
}
Event: 1,879 GC heap after
{Heap after GC invocations=5 (full 0):
 garbage-first heap   total 258048K, used 19928K [0x0000000080000000, 0x0000000100000000)
  region size 1024K, 10 young (10240K), 10 survivors (10240K)
 Metaspace       used 30612K, capacity 31130K, committed 31536K, reserved 1077248K
  class space    used 3884K, capacity 4109K, committed 4224K, reserved 1048576K
}
Event: 2,304 GC heap before
{Heap before GC invocations=5 (full 0):
 garbage-first heap   total 258048K, used 55768K [0x0000000080000000, 0x0000000100000000)
  region size 1024K, 46 young (47104K), 10 survivors (10240K)
 Metaspace       used 35093K, capacity 35669K, committed 35888K, reserved 1081344K
  class space    used 4383K, capacity 4623K, committed 4736K, reserved 1048576K
}
Event: 2,310 GC heap after
{Heap after GC invocations=6 (full 0):
 garbage-first heap   total 258048K, used 21627K [0x0000000080000000, 0x0000000100000000)
  region size 1024K, 11 young (11264K), 11 survivors (11264K)
 Metaspace       used 35093K, capacity 35669K, committed 35888K, reserved 1081344K
  class space    used 4383K, capacity 4623K, committed 4736K, reserved 1048576K
}
Event: 2,998 GC heap before
{Heap before GC invocations=7 (full 0):
 garbage-first heap   total 258048K, used 162939K [0x0000000080000000, 0x0000000100000000)
  region size 1024K, 150 young (153600K), 11 survivors (11264K)
 Metaspace       used 48780K, capacity 49628K, committed 49968K, reserved 1093632K
  class space    used 6070K, capacity 6447K, committed 6528K, reserved 1048576K
}
Event: 3,004 GC heap after
{Heap after GC invocations=8 (full 0):
 garbage-first heap   total 258048K, used 26290K [0x0000000080000000, 0x0000000100000000)
  region size 1024K, 12 young (12288K), 12 survivors (12288K)
 Metaspace       used 48780K, capacity 49628K, committed 49968K, reserved 1093632K
  class space    used 6070K, capacity 6447K, committed 6528K, reserved 1048576K
}

