# JRE version: OpenJDK Runtime Environment (11.0.13+8) (build 11.0.13+8-Ubuntu-0ubuntu1.20.04)
# Java VM: OpenJDK 64-Bit Server VM (11.0.13+8-Ubuntu-0ubuntu1.20.04, mixed mode, sharing, tiered, compressed oops, g1 gc, linux-amd64)
Heap:
 garbage-first heap   total 258048K, used 94583K [0x0000000080000000, 0x0000000100000000)
  region size 1024K, 82 young (83968K), 13 survivors (13312K)
 Metaspace       used 58175K, capacity 59282K, committed 59440K, reserved 1101824K
  class space    used 7066K, capacity 7546K, committed 7552K, reserved 1048576K
GC Heap History (12 events):
Event: 0,179 GC heap before
{Heap before GC invocations=0 (full 0):
 garbage-first heap   total 258048K, used 26312K [0x0000000080000000, 0x0000000100000000)
  region size 1024K, 24 young (24576K), 0 survivors (0K)
 Metaspace       used 1762K, capacity 4932K, committed 5120K, reserved 1056768K
  class space    used 172K, capacity 473K, committed 512K, reserved 1048576K
}
Event: 0,185 GC heap after
{Heap after GC invocations=1 (full 0):
 garbage-first heap   total 258048K, used 9932K [0x0000000080000000, 0x0000000100000000)
  region size 1024K, 3 young (3072K), 3 survivors (3072K)
 Metaspace       used 1762K, capacity 4932K, committed 5120K, reserved 1056768K
  class space    used 172K, capacity 473K, committed 512K, reserved 1048576K
}
Event: 1,230 GC heap before
{Heap before GC invocations=1 (full 0):
 garbage-first heap   total 258048K, used 160460K [0x0000000080000000, 0x0000000100000000)
  region size 1024K, 150 young (153600K), 3 survivors (3072K)
 Metaspace       used 16995K, capacity 17296K, committed 17536K, reserved 1064960K
  class space    used 2271K, capacity 2393K, committed 2432K, reserved 1048576K
}
Event: 1,235 GC heap after
{Heap after GC invocations=2 (full 0):
 garbage-first heap   total 258048K, used 14028K [0x0000000080000000, 0x0000000100000000)
  region size 1024K, 7 young (7168K), 7 survivors (7168K)
 Metaspace       used 16995K, capacity 17296K, committed 17536K, reserved 1064960K
  class space    used 2271K, capacity 2393K, committed 2432K, reserved 1048576K
}
Event: 1,371 GC heap before
{Heap before GC invocations=2 (full 0):
 garbage-first heap   total 258048K, used 52940K [0x0000000080000000, 0x0000000100000000)
  region size 1024K, 46 young (47104K), 7 survivors (7168K)
 Metaspace       used 20776K, capacity 21192K, committed 21296K, reserved 1067008K
  class space    used 2739K, capacity 2905K, committed 2944K, reserved 1048576K
}
Event: 1,378 GC heap after
{Heap after GC invocations=3 (full 0):
 garbage-first heap   total 258048K, used 15160K [0x0000000080000000, 0x0000000100000000)
  region size 1024K, 9 young (9216K), 9 survivors (9216K)
 Metaspace       used 20776K, capacity 21192K, committed 21296K, reserved 1067008K
  class space    used 2739K, capacity 2905K, committed 2944K, reserved 1048576K
}
Event: 1,670 GC heap before
{Heap before GC invocations=4 (full 0):
 garbage-first heap   total 258048K, used 88888K [0x0000000080000000, 0x0000000100000000)
  region size 1024K, 81 young (82944K), 9 survivors (9216K)
 Metaspace       used 27354K, capacity 27900K, committed 28336K, reserved 1073152K
  class space    used 3519K, capacity 3739K, committed 3840K, reserved 1048576K
}
Event: 1,676 GC heap after
{Heap after GC invocations=5 (full 0):
 garbage-first heap   total 258048K, used 16168K [0x0000000080000000, 0x0000000100000000)
  region size 1024K, 7 young (7168K), 7 survivors (7168K)
 Metaspace       used 27354K, capacity 27900K, committed 28336K, reserved 1073152K
  class space    used 3519K, capacity 3739K, committed 3840K, reserved 1048576K
}
Event: 2,253 GC heap before
{Heap before GC invocations=5 (full 0):
 garbage-first heap   total 258048K, used 89896K [0x0000000080000000, 0x0000000100000000)
  region size 1024K, 74 young (75776K), 7 survivors (7168K)
 Metaspace       used 35055K, capacity 35605K, committed 35888K, reserved 1081344K
  class space    used 4375K, capacity 4623K, committed 4736K, reserved 1048576K
}
Event: 2,259 GC heap after
{Heap after GC invocations=6 (full 0):
 garbage-first heap   total 258048K, used 20658K [0x0000000080000000, 0x0000000100000000)
  region size 1024K, 11 young (11264K), 11 survivors (11264K)
 Metaspace       used 35055K, capacity 35605K, committed 35888K, reserved 1081344K
  class space    used 4375K, capacity 4623K, committed 4736K, reserved 1048576K
}
Event: 2,874 GC heap before
{Heap before GC invocations=7 (full 0):
 garbage-first heap   total 258048K, used 157874K [0x0000000080000000, 0x0000000100000000)
  region size 1024K, 145 young (148480K), 11 survivors (11264K)
 Metaspace       used 48759K, capacity 49692K, committed 49968K, reserved 1093632K
  class space    used 6061K, capacity 6447K, committed 6528K, reserved 1048576K
}
Event: 2,882 GC heap after
{Heap after GC invocations=8 (full 0):
 garbage-first heap   total 258048K, used 25975K [0x0000000080000000, 0x0000000100000000)
  region size 1024K, 13 young (13312K), 13 survivors (13312K)
 Metaspace       used 48759K, capacity 49692K, committed 49968K, reserved 1093632K
  class space    used 6061K, capacity 6447K, committed 6528K, reserved 1048576K
}

