# JRE version: OpenJDK Runtime Environment (11.0.13+8) (build 11.0.13+8-Ubuntu-0ubuntu1.20.04)
# Java VM: OpenJDK 64-Bit Server VM (11.0.13+8-Ubuntu-0ubuntu1.20.04, mixed mode, sharing, tiered, compressed oops, g1 gc, linux-amd64)
Heap:
 garbage-first heap   total 258048K, used 132323K [0x0000000080000000, 0x0000000100000000)
  region size 1024K, 118 young (120832K), 12 survivors (12288K)
 Metaspace       used 58702K, capacity 59813K, committed 60080K, reserved 1101824K
  class space    used 7103K, capacity 7592K, committed 7680K, reserved 1048576K
GC Heap History (12 events):
Event: 0,182 GC heap before
{Heap before GC invocations=0 (full 0):
 garbage-first heap   total 258048K, used 26312K [0x0000000080000000, 0x0000000100000000)
  region size 1024K, 24 young (24576K), 0 survivors (0K)
 Metaspace       used 1785K, capacity 4932K, committed 5120K, reserved 1056768K
  class space    used 176K, capacity 473K, committed 512K, reserved 1048576K
}
Event: 0,187 GC heap after
{Heap after GC invocations=1 (full 0):
 garbage-first heap   total 258048K, used 9889K [0x0000000080000000, 0x0000000100000000)
  region size 1024K, 3 young (3072K), 3 survivors (3072K)
 Metaspace       used 1785K, capacity 4932K, committed 5120K, reserved 1056768K
  class space    used 176K, capacity 473K, committed 512K, reserved 1048576K
}
Event: 1,236 GC heap before
{Heap before GC invocations=1 (full 0):
 garbage-first heap   total 258048K, used 160417K [0x0000000080000000, 0x0000000100000000)
  region size 1024K, 150 young (153600K), 3 survivors (3072K)
 Metaspace       used 16807K, capacity 17136K, committed 17280K, reserved 1064960K
  class space    used 2247K, capacity 2361K, committed 2432K, reserved 1048576K
}
Event: 1,241 GC heap after
{Heap after GC invocations=2 (full 0):
 garbage-first heap   total 258048K, used 13442K [0x0000000080000000, 0x0000000100000000)
  region size 1024K, 7 young (7168K), 7 survivors (7168K)
 Metaspace       used 16807K, capacity 17136K, committed 17280K, reserved 1064960K
  class space    used 2247K, capacity 2361K, committed 2432K, reserved 1048576K
}
Event: 1,393 GC heap before
{Heap before GC invocations=2 (full 0):
 garbage-first heap   total 258048K, used 57474K [0x0000000080000000, 0x0000000100000000)
  region size 1024K, 51 young (52224K), 7 survivors (7168K)
 Metaspace       used 20823K, capacity 21224K, committed 21296K, reserved 1067008K
  class space    used 2748K, capacity 2937K, committed 2944K, reserved 1048576K
}
Event: 1,402 GC heap after
{Heap after GC invocations=3 (full 0):
 garbage-first heap   total 258048K, used 14510K [0x0000000080000000, 0x0000000100000000)
  region size 1024K, 8 young (8192K), 8 survivors (8192K)
 Metaspace       used 20823K, capacity 21224K, committed 21296K, reserved 1067008K
  class space    used 2748K, capacity 2937K, committed 2944K, reserved 1048576K
}
Event: 1,865 GC heap before
{Heap before GC invocations=4 (full 0):
 garbage-first heap   total 258048K, used 127150K [0x0000000080000000, 0x0000000100000000)
  region size 1024K, 112 young (114688K), 8 survivors (8192K)
 Metaspace       used 30667K, capacity 31194K, committed 31536K, reserved 1077248K
  class space    used 3894K, capacity 4109K, committed 4224K, reserved 1048576K
}
Event: 1,873 GC heap after
{Heap after GC invocations=5 (full 0):
 garbage-first heap   total 258048K, used 19765K [0x0000000080000000, 0x0000000100000000)
  region size 1024K, 10 young (10240K), 10 survivors (10240K)
 Metaspace       used 30667K, capacity 31194K, committed 31536K, reserved 1077248K
  class space    used 3894K, capacity 4109K, committed 4224K, reserved 1048576K
}
Event: 2,283 GC heap before
{Heap before GC invocations=5 (full 0):
 garbage-first heap   total 258048K, used 52533K [0x0000000080000000, 0x0000000100000000)
  region size 1024K, 43 young (44032K), 10 survivors (10240K)
 Metaspace       used 34993K, capacity 35602K, committed 35888K, reserved 1081344K
  class space    used 4368K, capacity 4622K, committed 4736K, reserved 1048576K
}
Event: 2,289 GC heap after
{Heap after GC invocations=6 (full 0):
 garbage-first heap   total 258048K, used 21122K [0x0000000080000000, 0x0000000100000000)
  region size 1024K, 11 young (11264K), 11 survivors (11264K)
 Metaspace       used 34993K, capacity 35602K, committed 35888K, reserved 1081344K
  class space    used 4368K, capacity 4622K, committed 4736K, reserved 1048576K
}
Event: 2,916 GC heap before
{Heap before GC invocations=7 (full 0):
 garbage-first heap   total 258048K, used 163458K [0x0000000080000000, 0x0000000100000000)
  region size 1024K, 150 young (153600K), 11 survivors (11264K)
 Metaspace       used 48765K, capacity 49695K, committed 49968K, reserved 1093632K
  class space    used 6061K, capacity 6448K, committed 6528K, reserved 1048576K
}
Event: 2,924 GC heap after
{Heap after GC invocations=8 (full 0):
 garbage-first heap   total 258048K, used 25827K [0x0000000080000000, 0x0000000100000000)
  region size 1024K, 12 young (12288K), 12 survivors (12288K)
 Metaspace       used 48765K, capacity 49695K, committed 49968K, reserved 1093632K
  class space    used 6061K, capacity 6448K, committed 6528K, reserved 1048576K
}

