# JRE version: OpenJDK Runtime Environment (11.0.13+8) (build 11.0.13+8-Ubuntu-0ubuntu1.20.04)
# Java VM: OpenJDK 64-Bit Server VM (11.0.13+8-Ubuntu-0ubuntu1.20.04, mixed mode, sharing, tiered, compressed oops, g1 gc, linux-amd64)
Heap:
 garbage-first heap   total 258048K, used 94170K [0x0000000080000000, 0x0000000100000000)
  region size 1024K, 81 young (82944K), 12 survivors (12288K)
 Metaspace       used 58227K, capacity 59352K, committed 59440K, reserved 1101824K
  class space    used 7067K, capacity 7548K, committed 7552K, reserved 1048576K
GC Heap History (12 events):
Event: 0,204 GC heap before
{Heap before GC invocations=0 (full 0):
 garbage-first heap   total 258048K, used 26312K [0x0000000080000000, 0x0000000100000000)
  region size 1024K, 24 young (24576K), 0 survivors (0K)
 Metaspace       used 1981K, capacity 5091K, committed 5376K, reserved 1056768K
  class space    used 194K, capacity 484K, committed 512K, reserved 1048576K
}
Event: 0,211 GC heap after
{Heap after GC invocations=1 (full 0):
 garbage-first heap   total 258048K, used 9776K [0x0000000080000000, 0x0000000100000000)
  region size 1024K, 3 young (3072K), 3 survivors (3072K)
 Metaspace       used 1981K, capacity 5091K, committed 5376K, reserved 1056768K
  class space    used 194K, capacity 484K, committed 512K, reserved 1048576K
}
Event: 1,362 GC heap before
{Heap before GC invocations=1 (full 0):
 garbage-first heap   total 258048K, used 160304K [0x0000000080000000, 0x0000000100000000)
  region size 1024K, 150 young (153600K), 3 survivors (3072K)
 Metaspace       used 16934K, capacity 17232K, committed 17536K, reserved 1064960K
  class space    used 2266K, capacity 2393K, committed 2432K, reserved 1048576K
}
Event: 1,369 GC heap after
{Heap after GC invocations=2 (full 0):
 garbage-first heap   total 258048K, used 13663K [0x0000000080000000, 0x0000000100000000)
  region size 1024K, 7 young (7168K), 7 survivors (7168K)
 Metaspace       used 16934K, capacity 17232K, committed 17536K, reserved 1064960K
  class space    used 2266K, capacity 2393K, committed 2432K, reserved 1048576K
}
Event: 1,504 GC heap before
{Heap before GC invocations=2 (full 0):
 garbage-first heap   total 258048K, used 53599K [0x0000000080000000, 0x0000000100000000)
  region size 1024K, 47 young (48128K), 7 survivors (7168K)
 Metaspace       used 20816K, capacity 21224K, committed 21296K, reserved 1067008K
  class space    used 2749K, capacity 2937K, committed 2944K, reserved 1048576K
}
Event: 1,511 GC heap after
{Heap after GC invocations=3 (full 0):
 garbage-first heap   total 258048K, used 15121K [0x0000000080000000, 0x0000000100000000)
  region size 1024K, 9 young (9216K), 9 survivors (9216K)
 Metaspace       used 20816K, capacity 21224K, committed 21296K, reserved 1067008K
  class space    used 2749K, capacity 2937K, committed 2944K, reserved 1048576K
}
Event: 1,837 GC heap before
{Heap before GC invocations=4 (full 0):
 garbage-first heap   total 258048K, used 99089K [0x0000000080000000, 0x0000000100000000)
  region size 1024K, 91 young (93184K), 9 survivors (9216K)
 Metaspace       used 28642K, capacity 29116K, committed 29488K, reserved 1075200K
  class space    used 3669K, capacity 3867K, committed 3968K, reserved 1048576K
}
Event: 1,843 GC heap after
{Heap after GC invocations=5 (full 0):
 garbage-first heap   total 258048K, used 16981K [0x0000000080000000, 0x0000000100000000)
  region size 1024K, 7 young (7168K), 7 survivors (7168K)
 Metaspace       used 28642K, capacity 29116K, committed 29488K, reserved 1075200K
  class space    used 3669K, capacity 3867K, committed 3968K, reserved 1048576K
}
Event: 2,400 GC heap before
{Heap before GC invocations=5 (full 0):
 garbage-first heap   total 258048K, used 78421K [0x0000000080000000, 0x0000000100000000)
  region size 1024K, 62 young (63488K), 7 survivors (7168K)
 Metaspace       used 35170K, capacity 35733K, committed 35888K, reserved 1081344K
  class space    used 4387K, capacity 4623K, committed 4736K, reserved 1048576K
}
Event: 2,406 GC heap after
{Heap after GC invocations=6 (full 0):
 garbage-first heap   total 258048K, used 20636K [0x0000000080000000, 0x0000000100000000)
  region size 1024K, 11 young (11264K), 11 survivors (11264K)
 Metaspace       used 35170K, capacity 35733K, committed 35888K, reserved 1081344K
  class space    used 4387K, capacity 4623K, committed 4736K, reserved 1048576K
}
Event: 3,032 GC heap before
{Heap before GC invocations=7 (full 0):
 garbage-first heap   total 258048K, used 161948K [0x0000000080000000, 0x0000000100000000)
  region size 1024K, 150 young (153600K), 11 survivors (11264K)
 Metaspace       used 48737K, capacity 49631K, committed 49968K, reserved 1093632K
  class space    used 6065K, capacity 6448K, committed 6528K, reserved 1048576K
}
Event: 3,039 GC heap after
{Heap after GC invocations=8 (full 0):
 garbage-first heap   total 258048K, used 25562K [0x0000000080000000, 0x0000000100000000)
  region size 1024K, 12 young (12288K), 12 survivors (12288K)
 Metaspace       used 48737K, capacity 49631K, committed 49968K, reserved 1093632K
  class space    used 6065K, capacity 6448K, committed 6528K, reserved 1048576K
}

