# JRE version: OpenJDK Runtime Environment (11.0.13+8) (build 11.0.13+8-Ubuntu-0ubuntu1.20.04)
# Java VM: OpenJDK 64-Bit Server VM (11.0.13+8-Ubuntu-0ubuntu1.20.04, mixed mode, sharing, tiered, compressed oops, g1 gc, linux-amd64)
Heap:
 garbage-first heap   total 258048K, used 133448K [0x0000000080000000, 0x0000000100000000)
  region size 1024K, 120 young (122880K), 13 survivors (13312K)
 Metaspace       used 58715K, capacity 59813K, committed 60080K, reserved 1101824K
  class space    used 7103K, capacity 7592K, committed 7680K, reserved 1048576K
GC Heap History (12 events):
Event: 0,181 GC heap before
{Heap before GC invocations=0 (full 0):
 garbage-first heap   total 258048K, used 26312K [0x0000000080000000, 0x0000000100000000)
  region size 1024K, 24 young (24576K), 0 survivors (0K)
 Metaspace       used 1785K, capacity 4932K, committed 5120K, reserved 1056768K
  class space    used 176K, capacity 473K, committed 512K, reserved 1048576K
}
Event: 0,187 GC heap after
{Heap after GC invocations=1 (full 0):
 garbage-first heap   total 258048K, used 9587K [0x0000000080000000, 0x0000000100000000)
  region size 1024K, 3 young (3072K), 3 survivors (3072K)
 Metaspace       used 1785K, capacity 4932K, committed 5120K, reserved 1056768K
  class space    used 176K, capacity 473K, committed 512K, reserved 1048576K
}
Event: 1,268 GC heap before
{Heap before GC invocations=1 (full 0):
 garbage-first heap   total 258048K, used 160115K [0x0000000080000000, 0x0000000100000000)
  region size 1024K, 150 young (153600K), 3 survivors (3072K)
 Metaspace       used 16818K, capacity 17136K, committed 17536K, reserved 1064960K
  class space    used 2249K, capacity 2361K, committed 2432K, reserved 1048576K
}
Event: 1,273 GC heap after
{Heap after GC invocations=2 (full 0):
 garbage-first heap   total 258048K, used 13677K [0x0000000080000000, 0x0000000100000000)
  region size 1024K, 7 young (7168K), 7 survivors (7168K)
 Metaspace       used 16818K, capacity 17136K, committed 17536K, reserved 1064960K
  class space    used 2249K, capacity 2361K, committed 2432K, reserved 1048576K
}
Event: 1,420 GC heap before
{Heap before GC invocations=2 (full 0):
 garbage-first heap   total 258048K, used 55661K [0x0000000080000000, 0x0000000100000000)
  region size 1024K, 49 young (50176K), 7 survivors (7168K)
 Metaspace       used 20824K, capacity 21224K, committed 21296K, reserved 1067008K
  class space    used 2748K, capacity 2937K, committed 2944K, reserved 1048576K
}
Event: 1,427 GC heap after
{Heap after GC invocations=3 (full 0):
 garbage-first heap   total 258048K, used 14707K [0x0000000080000000, 0x0000000100000000)
  region size 1024K, 8 young (8192K), 8 survivors (8192K)
 Metaspace       used 20824K, capacity 21224K, committed 21296K, reserved 1067008K
  class space    used 2748K, capacity 2937K, committed 2944K, reserved 1048576K
}
Event: 1,741 GC heap before
{Heap before GC invocations=4 (full 0):
 garbage-first heap   total 258048K, used 89459K [0x0000000080000000, 0x0000000100000000)
  region size 1024K, 81 young (82944K), 8 survivors (8192K)
 Metaspace       used 27711K, capacity 28252K, committed 28592K, reserved 1075200K
  class space    used 3564K, capacity 3771K, committed 3840K, reserved 1048576K
}
Event: 1,747 GC heap after
{Heap after GC invocations=5 (full 0):
 garbage-first heap   total 258048K, used 15858K [0x0000000080000000, 0x0000000100000000)
  region size 1024K, 7 young (7168K), 7 survivors (7168K)
 Metaspace       used 27711K, capacity 28252K, committed 28592K, reserved 1075200K
  class space    used 3564K, capacity 3771K, committed 3840K, reserved 1048576K
}
Event: 2,362 GC heap before
{Heap before GC invocations=5 (full 0):
 garbage-first heap   total 258048K, used 86514K [0x0000000080000000, 0x0000000100000000)
  region size 1024K, 71 young (72704K), 7 survivors (7168K)
 Metaspace       used 35060K, capacity 35605K, committed 35888K, reserved 1081344K
  class space    used 4375K, capacity 4623K, committed 4736K, reserved 1048576K
}
Event: 2,369 GC heap after
{Heap after GC invocations=6 (full 0):
 garbage-first heap   total 258048K, used 20518K [0x0000000080000000, 0x0000000100000000)
  region size 1024K, 11 young (11264K), 11 survivors (11264K)
 Metaspace       used 35060K, capacity 35605K, committed 35888K, reserved 1081344K
  class space    used 4375K, capacity 4623K, committed 4736K, reserved 1048576K
}
Event: 3,011 GC heap before
{Heap before GC invocations=7 (full 0):
 garbage-first heap   total 258048K, used 145446K [0x0000000080000000, 0x0000000100000000)
  region size 1024K, 134 young (137216K), 11 survivors (11264K)
 Metaspace       used 48763K, capacity 49694K, committed 49968K, reserved 1093632K
  class space    used 6061K, capacity 6448K, committed 6528K, reserved 1048576K
}
Event: 3,020 GC heap after
{Heap after GC invocations=8 (full 0):
 garbage-first heap   total 258048K, used 25928K [0x0000000080000000, 0x0000000100000000)
  region size 1024K, 13 young (13312K), 13 survivors (13312K)
 Metaspace       used 48763K, capacity 49694K, committed 49968K, reserved 1093632K
  class space    used 6061K, capacity 6448K, committed 6528K, reserved 1048576K
}

