# JRE version: OpenJDK Runtime Environment (11.0.13+8) (build 11.0.13+8-Ubuntu-0ubuntu1.20.04)
# Java VM: OpenJDK 64-Bit Server VM (11.0.13+8-Ubuntu-0ubuntu1.20.04, mixed mode, sharing, tiered, compressed oops, g1 gc, linux-amd64)
Heap:
 garbage-first heap   total 310272K, used 51268K [0x0000000080000000, 0x0000000100000000)
  region size 1024K, 33 young (33792K), 10 survivors (10240K)
 Metaspace       used 59439K, capacity 60627K, committed 60884K, reserved 1103872K
  class space    used 7139K, capacity 7620K, committed 7680K, reserved 1048576K
GC Heap History (14 events):
Event: 0,221 GC heap before
{Heap before GC invocations=0 (full 0):
 garbage-first heap   total 258048K, used 26312K [0x0000000080000000, 0x0000000100000000)
  region size 1024K, 24 young (24576K), 0 survivors (0K)
 Metaspace       used 1708K, capacity 5030K, committed 5120K, reserved 1056768K
  class space    used 157K, capacity 483K, committed 512K, reserved 1048576K
}
Event: 0,227 GC heap after
{Heap after GC invocations=1 (full 0):
 garbage-first heap   total 258048K, used 10438K [0x0000000080000000, 0x0000000100000000)
  region size 1024K, 3 young (3072K), 3 survivors (3072K)
 Metaspace       used 1708K, capacity 5030K, committed 5120K, reserved 1056768K
  class space    used 157K, capacity 483K, committed 512K, reserved 1048576K
}
Event: 1,423 GC heap before
{Heap before GC invocations=1 (full 0):
 garbage-first heap   total 258048K, used 160966K [0x0000000080000000, 0x0000000100000000)
  region size 1024K, 150 young (153600K), 3 survivors (3072K)
 Metaspace       used 16738K, capacity 16993K, committed 17152K, reserved 1064960K
  class space    used 2185K, capacity 2288K, committed 2304K, reserved 1048576K
}
Event: 1,431 GC heap after
{Heap after GC invocations=2 (full 0):
 garbage-first heap   total 258048K, used 14020K [0x0000000080000000, 0x0000000100000000)
  region size 1024K, 7 young (7168K), 7 survivors (7168K)
 Metaspace       used 16738K, capacity 16993K, committed 17152K, reserved 1064960K
  class space    used 2185K, capacity 2288K, committed 2304K, reserved 1048576K
}
Event: 1,626 GC heap before
{Heap before GC invocations=2 (full 0):
 garbage-first heap   total 258048K, used 67268K [0x0000000080000000, 0x0000000100000000)
  region size 1024K, 60 young (61440K), 7 survivors (7168K)
 Metaspace       used 20789K, capacity 21194K, committed 21296K, reserved 1067008K
  class space    used 2712K, capacity 2902K, committed 2944K, reserved 1048576K
}
Event: 1,633 GC heap after
{Heap after GC invocations=3 (full 0):
 garbage-first heap   total 258048K, used 15222K [0x0000000080000000, 0x0000000100000000)
  region size 1024K, 8 young (8192K), 8 survivors (8192K)
 Metaspace       used 20789K, capacity 21194K, committed 21296K, reserved 1067008K
  class space    used 2712K, capacity 2902K, committed 2944K, reserved 1048576K
}
Event: 2,156 GC heap before
{Heap before GC invocations=4 (full 0):
 garbage-first heap   total 258048K, used 138102K [0x0000000080000000, 0x0000000100000000)
  region size 1024K, 122 young (124928K), 8 survivors (8192K)
 Metaspace       used 31090K, capacity 31584K, committed 32048K, reserved 1077248K
  class space    used 3893K, capacity 4106K, committed 4224K, reserved 1048576K
}
Event: 2,167 GC heap after
{Heap after GC invocations=5 (full 0):
 garbage-first heap   total 258048K, used 20032K [0x0000000080000000, 0x0000000100000000)
  region size 1024K, 13 young (13312K), 13 survivors (13312K)
 Metaspace       used 31090K, capacity 31584K, committed 32048K, reserved 1077248K
  class space    used 3893K, capacity 4106K, committed 4224K, reserved 1048576K
}
Event: 2,612 GC heap before
{Heap before GC invocations=5 (full 0):
 garbage-first heap   total 258048K, used 55872K [0x0000000080000000, 0x0000000100000000)
  region size 1024K, 49 young (50176K), 13 survivors (13312K)
 Metaspace       used 35231K, capacity 35794K, committed 35920K, reserved 1081344K
  class space    used 4347K, capacity 4573K, committed 4608K, reserved 1048576K
}
Event: 2,622 GC heap after
{Heap after GC invocations=6 (full 0):
 garbage-first heap   total 258048K, used 21735K [0x0000000080000000, 0x0000000100000000)
  region size 1024K, 12 young (12288K), 12 survivors (12288K)
 Metaspace       used 35231K, capacity 35794K, committed 35920K, reserved 1081344K
  class space    used 4347K, capacity 4573K, committed 4608K, reserved 1048576K
}
Event: 3,407 GC heap before
{Heap before GC invocations=7 (full 0):
 garbage-first heap   total 258048K, used 163047K [0x0000000080000000, 0x0000000100000000)
  region size 1024K, 150 young (153600K), 12 survivors (12288K)
 Metaspace       used 49562K, capacity 50480K, committed 50896K, reserved 1093632K
  class space    used 6085K, capacity 6446K, committed 6528K, reserved 1048576K
}
Event: 3,420 GC heap after
{Heap after GC invocations=8 (full 0):
 garbage-first heap   total 258048K, used 26187K [0x0000000080000000, 0x0000000100000000)
  region size 1024K, 13 young (13312K), 13 survivors (13312K)
 Metaspace       used 49562K, capacity 50480K, committed 50896K, reserved 1093632K
  class space    used 6085K, capacity 6446K, committed 6528K, reserved 1048576K
}
Event: 95,532 GC heap before
{Heap before GC invocations=8 (full 0):
 garbage-first heap   total 258048K, used 99915K [0x0000000080000000, 0x0000000100000000)
  region size 1024K, 87 young (89088K), 13 survivors (13312K)
 Metaspace       used 59204K, capacity 60296K, committed 60296K, reserved 1101824K
  class space    used 7096K, capacity 7552K, committed 7552K, reserved 1048576K
}
Event: 95,542 GC heap after
{Heap after GC invocations=9 (full 0):
 garbage-first heap   total 310272K, used 28740K [0x0000000080000000, 0x0000000100000000)
  region size 1024K, 10 young (10240K), 10 survivors (10240K)
 Metaspace       used 59204K, capacity 60296K, committed 60296K, reserved 1101824K
  class space    used 7096K, capacity 7552K, committed 7552K, reserved 1048576K
}

