# JRE version: OpenJDK Runtime Environment (11.0.13+8) (build 11.0.13+8-Ubuntu-0ubuntu1.20.04)
# Java VM: OpenJDK 64-Bit Server VM (11.0.13+8-Ubuntu-0ubuntu1.20.04, mixed mode, sharing, tiered, compressed oops, g1 gc, linux-amd64)
Heap:
 garbage-first heap   total 258048K, used 93691K [0x0000000080000000, 0x0000000100000000)
  region size 1024K, 81 young (82944K), 13 survivors (13312K)
 Metaspace       used 58138K, capacity 59282K, committed 59440K, reserved 1101824K
  class space    used 7063K, capacity 7546K, committed 7552K, reserved 1048576K
GC Heap History (10 events):
Event: 0,184 GC heap before
{Heap before GC invocations=0 (full 0):
 garbage-first heap   total 258048K, used 26312K [0x0000000080000000, 0x0000000100000000)
  region size 1024K, 24 young (24576K), 0 survivors (0K)
 Metaspace       used 1980K, capacity 5091K, committed 5120K, reserved 1056768K
  class space    used 193K, capacity 484K, committed 512K, reserved 1048576K
}
Event: 0,190 GC heap after
{Heap after GC invocations=1 (full 0):
 garbage-first heap   total 258048K, used 9638K [0x0000000080000000, 0x0000000100000000)
  region size 1024K, 3 young (3072K), 3 survivors (3072K)
 Metaspace       used 1980K, capacity 5091K, committed 5120K, reserved 1056768K
  class space    used 193K, capacity 484K, committed 512K, reserved 1048576K
}
Event: 1,306 GC heap before
{Heap before GC invocations=1 (full 0):
 garbage-first heap   total 258048K, used 160166K [0x0000000080000000, 0x0000000100000000)
  region size 1024K, 150 young (153600K), 3 survivors (3072K)
 Metaspace       used 16881K, capacity 17200K, committed 17536K, reserved 1064960K
  class space    used 2256K, capacity 2361K, committed 2432K, reserved 1048576K
}
Event: 1,311 GC heap after
{Heap after GC invocations=2 (full 0):
 garbage-first heap   total 258048K, used 13802K [0x0000000080000000, 0x0000000100000000)
  region size 1024K, 8 young (8192K), 8 survivors (8192K)
 Metaspace       used 16881K, capacity 17200K, committed 17536K, reserved 1064960K
  class space    used 2256K, capacity 2361K, committed 2432K, reserved 1048576K
}
Event: 1,456 GC heap before
{Heap before GC invocations=2 (full 0):
 garbage-first heap   total 258048K, used 55786K [0x0000000080000000, 0x0000000100000000)
  region size 1024K, 50 young (51200K), 8 survivors (8192K)
 Metaspace       used 20888K, capacity 21288K, committed 21296K, reserved 1067008K
  class space    used 2753K, capacity 2937K, committed 2944K, reserved 1048576K
}
Event: 1,462 GC heap after
{Heap after GC invocations=3 (full 0):
 garbage-first heap   total 258048K, used 14968K [0x0000000080000000, 0x0000000100000000)
  region size 1024K, 9 young (9216K), 9 survivors (9216K)
 Metaspace       used 20888K, capacity 21288K, committed 21296K, reserved 1067008K
  class space    used 2753K, capacity 2937K, committed 2944K, reserved 1048576K
}
Event: 2,346 GC heap before
{Heap before GC invocations=4 (full 0):
 garbage-first heap   total 258048K, used 161400K [0x0000000080000000, 0x0000000100000000)
  region size 1024K, 146 young (149504K), 9 survivors (9216K)
 Metaspace       used 35191K, capacity 35733K, committed 35888K, reserved 1081344K
  class space    used 4387K, capacity 4623K, committed 4736K, reserved 1048576K
}
Event: 2,355 GC heap after
{Heap after GC invocations=5 (full 0):
 garbage-first heap   total 258048K, used 20330K [0x0000000080000000, 0x0000000100000000)
  region size 1024K, 14 young (14336K), 14 survivors (14336K)
 Metaspace       used 35191K, capacity 35733K, committed 35888K, reserved 1081344K
  class space    used 4387K, capacity 4623K, committed 4736K, reserved 1048576K
}
Event: 2,976 GC heap before
{Heap before GC invocations=6 (full 0):
 garbage-first heap   total 258048K, used 159594K [0x0000000080000000, 0x0000000100000000)
  region size 1024K, 150 young (153600K), 14 survivors (14336K)
 Metaspace       used 48795K, capacity 49695K, committed 49968K, reserved 1093632K
  class space    used 6070K, capacity 6448K, committed 6528K, reserved 1048576K
}
Event: 2,985 GC heap after
{Heap after GC invocations=7 (full 0):
 garbage-first heap   total 258048K, used 26107K [0x0000000080000000, 0x0000000100000000)
  region size 1024K, 13 young (13312K), 13 survivors (13312K)
 Metaspace       used 48795K, capacity 49695K, committed 49968K, reserved 1093632K
  class space    used 6070K, capacity 6448K, committed 6528K, reserved 1048576K
}

